[2024-11-20T00:20:12.593+0000] {local_task_job_runner.py:120} INFO - ::group::Pre task execution logs
[2024-11-20T00:20:12.632+0000] {taskinstance.py:2076} INFO - Dependencies all met for dep_context=non-requeueable deps ti=<TaskInstance: stockprices_v2_decorator.load__1 scheduled__2024-11-20T00:10:00+00:00 [queued]>
[2024-11-20T00:20:12.644+0000] {taskinstance.py:2076} INFO - Dependencies all met for dep_context=requeueable deps ti=<TaskInstance: stockprices_v2_decorator.load__1 scheduled__2024-11-20T00:10:00+00:00 [queued]>
[2024-11-20T00:20:12.647+0000] {taskinstance.py:2306} INFO - Starting attempt 1 of 2
[2024-11-20T00:20:12.671+0000] {taskinstance.py:2330} INFO - Executing <Task(_PythonDecoratedOperator): load__1> on 2024-11-20 00:10:00+00:00
[2024-11-20T00:20:12.736+0000] {warnings.py:110} WARNING - /home/***/.local/lib/python3.12/site-packages/***/task/task_runner/standard_task_runner.py:61: DeprecationWarning: This process (pid=12699) is multi-threaded, use of fork() may lead to deadlocks in the child.
  pid = os.fork()

[2024-11-20T00:20:12.792+0000] {standard_task_runner.py:63} INFO - Started process 12704 to run task
[2024-11-20T00:20:12.785+0000] {standard_task_runner.py:90} INFO - Running: ['***', 'tasks', 'run', 'stockprices_v2_decorator', 'load__1', 'scheduled__2024-11-20T00:10:00+00:00', '--job-id', '2353', '--raw', '--subdir', 'DAGS_FOLDER/stockprices_v2_decorator(3).py', '--cfg-path', '/tmp/tmp5j7n0es0']
[2024-11-20T00:20:12.802+0000] {standard_task_runner.py:91} INFO - Job 2353: Subtask load__1
[2024-11-20T00:20:12.928+0000] {task_command.py:426} INFO - Running <TaskInstance: stockprices_v2_decorator.load__1 scheduled__2024-11-20T00:10:00+00:00 [running]> on host 3627cdc70e56
[2024-11-20T00:20:13.106+0000] {taskinstance.py:2648} INFO - Exporting env vars: AIRFLOW_CTX_DAG_OWNER='***' AIRFLOW_CTX_DAG_ID='stockprices_v2_decorator' AIRFLOW_CTX_TASK_ID='load__1' AIRFLOW_CTX_EXECUTION_DATE='2024-11-20T00:10:00+00:00' AIRFLOW_CTX_TRY_NUMBER='1' AIRFLOW_CTX_DAG_RUN_ID='scheduled__2024-11-20T00:10:00+00:00'
[2024-11-20T00:20:13.115+0000] {taskinstance.py:430} INFO - ::endgroup::
[2024-11-20T00:20:13.118+0000] {logging_mixin.py:188} INFO - No records to load.
[2024-11-20T00:20:13.119+0000] {python.py:237} INFO - Done. Returned value was: None
[2024-11-20T00:20:13.120+0000] {taskinstance.py:441} INFO - ::group::Post task execution logs
[2024-11-20T00:20:13.131+0000] {taskinstance.py:1206} INFO - Marking task as SUCCESS. dag_id=stockprices_v2_decorator, task_id=load__1, run_id=scheduled__2024-11-20T00:10:00+00:00, execution_date=20241120T001000, start_date=20241120T002012, end_date=20241120T002013
[2024-11-20T00:20:13.184+0000] {local_task_job_runner.py:240} INFO - Task exited with return code 0
[2024-11-20T00:20:13.210+0000] {taskinstance.py:3498} INFO - 0 downstream tasks scheduled from follow-on schedule check
[2024-11-20T00:20:13.214+0000] {local_task_job_runner.py:222} INFO - ::endgroup::
