[2024-11-19T16:40:11.879+0000] {local_task_job_runner.py:120} INFO - ::group::Pre task execution logs
[2024-11-19T16:40:11.903+0000] {taskinstance.py:2076} INFO - Dependencies all met for dep_context=non-requeueable deps ti=<TaskInstance: stockprices_v2_decorator.transform scheduled__2024-11-19T16:30:00+00:00 [queued]>
[2024-11-19T16:40:11.910+0000] {taskinstance.py:2076} INFO - Dependencies all met for dep_context=requeueable deps ti=<TaskInstance: stockprices_v2_decorator.transform scheduled__2024-11-19T16:30:00+00:00 [queued]>
[2024-11-19T16:40:11.911+0000] {taskinstance.py:2306} INFO - Starting attempt 1 of 2
[2024-11-19T16:40:11.919+0000] {taskinstance.py:2330} INFO - Executing <Task(_PythonDecoratedOperator): transform> on 2024-11-19 16:30:00+00:00
[2024-11-19T16:40:11.932+0000] {warnings.py:110} WARNING - /home/***/.local/lib/python3.12/site-packages/***/task/task_runner/standard_task_runner.py:61: DeprecationWarning: This process (pid=9383) is multi-threaded, use of fork() may lead to deadlocks in the child.
  pid = os.fork()

[2024-11-19T16:40:11.936+0000] {standard_task_runner.py:63} INFO - Started process 9387 to run task
[2024-11-19T16:40:11.937+0000] {standard_task_runner.py:90} INFO - Running: ['***', 'tasks', 'run', 'stockprices_v2_decorator', 'transform', 'scheduled__2024-11-19T16:30:00+00:00', '--job-id', '2125', '--raw', '--subdir', 'DAGS_FOLDER/stockprices_v2_decorator(3).py', '--cfg-path', '/tmp/tmpmvvg90_b']
[2024-11-19T16:40:11.939+0000] {standard_task_runner.py:91} INFO - Job 2125: Subtask transform
[2024-11-19T16:40:12.011+0000] {task_command.py:426} INFO - Running <TaskInstance: stockprices_v2_decorator.transform scheduled__2024-11-19T16:30:00+00:00 [running]> on host 3627cdc70e56
[2024-11-19T16:40:12.082+0000] {taskinstance.py:2648} INFO - Exporting env vars: AIRFLOW_CTX_DAG_OWNER='***' AIRFLOW_CTX_DAG_ID='stockprices_v2_decorator' AIRFLOW_CTX_TASK_ID='transform' AIRFLOW_CTX_EXECUTION_DATE='2024-11-19T16:30:00+00:00' AIRFLOW_CTX_TRY_NUMBER='1' AIRFLOW_CTX_DAG_RUN_ID='scheduled__2024-11-19T16:30:00+00:00'
[2024-11-19T16:40:12.084+0000] {taskinstance.py:430} INFO - ::endgroup::
[2024-11-19T16:40:12.086+0000] {logging_mixin.py:188} INFO - Processed Data: []
[2024-11-19T16:40:12.087+0000] {python.py:237} INFO - Done. Returned value was: []
[2024-11-19T16:40:12.087+0000] {taskinstance.py:441} INFO - ::group::Post task execution logs
[2024-11-19T16:40:12.108+0000] {taskinstance.py:1206} INFO - Marking task as SUCCESS. dag_id=stockprices_v2_decorator, task_id=transform, run_id=scheduled__2024-11-19T16:30:00+00:00, execution_date=20241119T163000, start_date=20241119T164011, end_date=20241119T164012
[2024-11-19T16:40:12.156+0000] {local_task_job_runner.py:240} INFO - Task exited with return code 0
[2024-11-19T16:40:12.173+0000] {taskinstance.py:3498} INFO - 1 downstream tasks scheduled from follow-on schedule check
[2024-11-19T16:40:12.175+0000] {local_task_job_runner.py:222} INFO - ::endgroup::
