[2024-11-17T08:59:39.391+0000] {local_task_job_runner.py:120} INFO - ::group::Pre task execution logs
[2024-11-17T08:59:39.485+0000] {taskinstance.py:2076} INFO - Dependencies all met for dep_context=non-requeueable deps ti=<TaskInstance: stockprices_v2_decorator.load__1 scheduled__2024-11-17T08:40:00+00:00 [queued]>
[2024-11-17T08:59:39.513+0000] {taskinstance.py:2076} INFO - Dependencies all met for dep_context=requeueable deps ti=<TaskInstance: stockprices_v2_decorator.load__1 scheduled__2024-11-17T08:40:00+00:00 [queued]>
[2024-11-17T08:59:39.518+0000] {taskinstance.py:2306} INFO - Starting attempt 1 of 2
[2024-11-17T08:59:39.550+0000] {taskinstance.py:2330} INFO - Executing <Task(_PythonDecoratedOperator): load__1> on 2024-11-17 08:40:00+00:00
[2024-11-17T08:59:39.634+0000] {warnings.py:110} WARNING - /home/***/.local/lib/python3.12/site-packages/***/task/task_runner/standard_task_runner.py:61: DeprecationWarning: This process (pid=5929) is multi-threaded, use of fork() may lead to deadlocks in the child.
  pid = os.fork()

[2024-11-17T08:59:39.648+0000] {standard_task_runner.py:63} INFO - Started process 5941 to run task
[2024-11-17T08:59:39.658+0000] {standard_task_runner.py:90} INFO - Running: ['***', 'tasks', 'run', 'stockprices_v2_decorator', 'load__1', 'scheduled__2024-11-17T08:40:00+00:00', '--job-id', '847', '--raw', '--subdir', 'DAGS_FOLDER/stockprices_v2_decorator(3).py', '--cfg-path', '/tmp/tmp1zcauuxm']
[2024-11-17T08:59:39.682+0000] {standard_task_runner.py:91} INFO - Job 847: Subtask load__1
[2024-11-17T08:59:39.885+0000] {task_command.py:426} INFO - Running <TaskInstance: stockprices_v2_decorator.load__1 scheduled__2024-11-17T08:40:00+00:00 [running]> on host 3627cdc70e56
[2024-11-17T08:59:40.274+0000] {taskinstance.py:2648} INFO - Exporting env vars: AIRFLOW_CTX_DAG_OWNER='***' AIRFLOW_CTX_DAG_ID='stockprices_v2_decorator' AIRFLOW_CTX_TASK_ID='load__1' AIRFLOW_CTX_EXECUTION_DATE='2024-11-17T08:40:00+00:00' AIRFLOW_CTX_TRY_NUMBER='1' AIRFLOW_CTX_DAG_RUN_ID='scheduled__2024-11-17T08:40:00+00:00'
[2024-11-17T08:59:40.285+0000] {taskinstance.py:430} INFO - ::endgroup::
[2024-11-17T08:59:40.299+0000] {logging_mixin.py:188} INFO - No records to load.
[2024-11-17T08:59:40.335+0000] {python.py:237} INFO - Done. Returned value was: None
[2024-11-17T08:59:40.337+0000] {taskinstance.py:441} INFO - ::group::Post task execution logs
[2024-11-17T08:59:40.349+0000] {taskinstance.py:1206} INFO - Marking task as SUCCESS. dag_id=stockprices_v2_decorator, task_id=load__1, run_id=scheduled__2024-11-17T08:40:00+00:00, execution_date=20241117T084000, start_date=20241117T085939, end_date=20241117T085940
[2024-11-17T08:59:40.514+0000] {local_task_job_runner.py:240} INFO - Task exited with return code 0
[2024-11-17T08:59:40.593+0000] {taskinstance.py:3498} INFO - 0 downstream tasks scheduled from follow-on schedule check
[2024-11-17T08:59:40.598+0000] {local_task_job_runner.py:222} INFO - ::endgroup::
