[2024-11-19T23:25:48.741+0000] {local_task_job_runner.py:120} INFO - ::group::Pre task execution logs
[2024-11-19T23:25:48.755+0000] {taskinstance.py:2076} INFO - Dependencies all met for dep_context=non-requeueable deps ti=<TaskInstance: stockprices_v2_decorator.transform__1 scheduled__2024-11-19T22:00:00+00:00 [queued]>
[2024-11-19T23:25:48.761+0000] {taskinstance.py:2076} INFO - Dependencies all met for dep_context=requeueable deps ti=<TaskInstance: stockprices_v2_decorator.transform__1 scheduled__2024-11-19T22:00:00+00:00 [queued]>
[2024-11-19T23:25:48.765+0000] {taskinstance.py:2306} INFO - Starting attempt 2 of 2
[2024-11-19T23:25:48.778+0000] {taskinstance.py:2330} INFO - Executing <Task(_PythonDecoratedOperator): transform__1> on 2024-11-19 22:00:00+00:00
[2024-11-19T23:25:48.802+0000] {warnings.py:110} WARNING - /home/***/.local/lib/python3.12/site-packages/***/task/task_runner/standard_task_runner.py:61: DeprecationWarning: This process (pid=11673) is multi-threaded, use of fork() may lead to deadlocks in the child.
  pid = os.fork()

[2024-11-19T23:25:48.806+0000] {standard_task_runner.py:63} INFO - Started process 11683 to run task
[2024-11-19T23:25:48.805+0000] {standard_task_runner.py:90} INFO - Running: ['***', 'tasks', 'run', 'stockprices_v2_decorator', 'transform__1', 'scheduled__2024-11-19T22:00:00+00:00', '--job-id', '2286', '--raw', '--subdir', 'DAGS_FOLDER/stockprices_v2_decorator(3).py', '--cfg-path', '/tmp/tmphrodp7u0']
[2024-11-19T23:25:48.813+0000] {standard_task_runner.py:91} INFO - Job 2286: Subtask transform__1
[2024-11-19T23:25:48.887+0000] {task_command.py:426} INFO - Running <TaskInstance: stockprices_v2_decorator.transform__1 scheduled__2024-11-19T22:00:00+00:00 [running]> on host 3627cdc70e56
[2024-11-19T23:25:48.977+0000] {taskinstance.py:2648} INFO - Exporting env vars: AIRFLOW_CTX_DAG_OWNER='***' AIRFLOW_CTX_DAG_ID='stockprices_v2_decorator' AIRFLOW_CTX_TASK_ID='transform__1' AIRFLOW_CTX_EXECUTION_DATE='2024-11-19T22:00:00+00:00' AIRFLOW_CTX_TRY_NUMBER='2' AIRFLOW_CTX_DAG_RUN_ID='scheduled__2024-11-19T22:00:00+00:00'
[2024-11-19T23:25:48.982+0000] {taskinstance.py:430} INFO - ::endgroup::
[2024-11-19T23:25:48.985+0000] {logging_mixin.py:188} INFO - Processed Data: []
[2024-11-19T23:25:48.987+0000] {python.py:237} INFO - Done. Returned value was: []
[2024-11-19T23:25:48.989+0000] {taskinstance.py:441} INFO - ::group::Post task execution logs
[2024-11-19T23:25:49.020+0000] {taskinstance.py:1206} INFO - Marking task as SUCCESS. dag_id=stockprices_v2_decorator, task_id=transform__1, run_id=scheduled__2024-11-19T22:00:00+00:00, execution_date=20241119T220000, start_date=20241119T232548, end_date=20241119T232549
[2024-11-19T23:25:49.068+0000] {local_task_job_runner.py:240} INFO - Task exited with return code 0
[2024-11-19T23:25:49.087+0000] {taskinstance.py:3498} INFO - 1 downstream tasks scheduled from follow-on schedule check
[2024-11-19T23:25:49.089+0000] {local_task_job_runner.py:222} INFO - ::endgroup::
