[2024-11-17T17:20:05.955+0000] {local_task_job_runner.py:120} INFO - ::group::Pre task execution logs
[2024-11-17T17:20:05.985+0000] {taskinstance.py:2076} INFO - Dependencies all met for dep_context=non-requeueable deps ti=<TaskInstance: stockprices_v2_decorator.transform__1 scheduled__2024-11-17T17:10:00+00:00 [queued]>
[2024-11-17T17:20:05.998+0000] {taskinstance.py:2076} INFO - Dependencies all met for dep_context=requeueable deps ti=<TaskInstance: stockprices_v2_decorator.transform__1 scheduled__2024-11-17T17:10:00+00:00 [queued]>
[2024-11-17T17:20:05.999+0000] {taskinstance.py:2306} INFO - Starting attempt 1 of 2
[2024-11-17T17:20:06.027+0000] {taskinstance.py:2330} INFO - Executing <Task(_PythonDecoratedOperator): transform__1> on 2024-11-17 17:10:00+00:00
[2024-11-17T17:20:06.042+0000] {warnings.py:110} WARNING - /home/***/.local/lib/python3.12/site-packages/***/task/task_runner/standard_task_runner.py:61: DeprecationWarning: This process (pid=9914) is multi-threaded, use of fork() may lead to deadlocks in the child.
  pid = os.fork()

[2024-11-17T17:20:06.049+0000] {standard_task_runner.py:90} INFO - Running: ['***', 'tasks', 'run', 'stockprices_v2_decorator', 'transform__1', 'scheduled__2024-11-17T17:10:00+00:00', '--job-id', '1205', '--raw', '--subdir', 'DAGS_FOLDER/stockprices_v2_decorator(3).py', '--cfg-path', '/tmp/tmpykylm_4g']
[2024-11-17T17:20:06.052+0000] {standard_task_runner.py:63} INFO - Started process 9925 to run task
[2024-11-17T17:20:06.054+0000] {standard_task_runner.py:91} INFO - Job 1205: Subtask transform__1
[2024-11-17T17:20:06.145+0000] {task_command.py:426} INFO - Running <TaskInstance: stockprices_v2_decorator.transform__1 scheduled__2024-11-17T17:10:00+00:00 [running]> on host 3627cdc70e56
[2024-11-17T17:20:06.231+0000] {taskinstance.py:2648} INFO - Exporting env vars: AIRFLOW_CTX_DAG_OWNER='***' AIRFLOW_CTX_DAG_ID='stockprices_v2_decorator' AIRFLOW_CTX_TASK_ID='transform__1' AIRFLOW_CTX_EXECUTION_DATE='2024-11-17T17:10:00+00:00' AIRFLOW_CTX_TRY_NUMBER='1' AIRFLOW_CTX_DAG_RUN_ID='scheduled__2024-11-17T17:10:00+00:00'
[2024-11-17T17:20:06.234+0000] {taskinstance.py:430} INFO - ::endgroup::
[2024-11-17T17:20:06.236+0000] {logging_mixin.py:188} INFO - Processed Data: []
[2024-11-17T17:20:06.237+0000] {python.py:237} INFO - Done. Returned value was: []
[2024-11-17T17:20:06.238+0000] {taskinstance.py:441} INFO - ::group::Post task execution logs
[2024-11-17T17:20:06.270+0000] {taskinstance.py:1206} INFO - Marking task as SUCCESS. dag_id=stockprices_v2_decorator, task_id=transform__1, run_id=scheduled__2024-11-17T17:10:00+00:00, execution_date=20241117T171000, start_date=20241117T172005, end_date=20241117T172006
[2024-11-17T17:20:06.310+0000] {local_task_job_runner.py:240} INFO - Task exited with return code 0
[2024-11-17T17:20:06.332+0000] {taskinstance.py:3498} INFO - 1 downstream tasks scheduled from follow-on schedule check
[2024-11-17T17:20:06.337+0000] {local_task_job_runner.py:222} INFO - ::endgroup::
