[2024-11-13T02:00:05.147+0000] {local_task_job_runner.py:120} INFO - ::group::Pre task execution logs
[2024-11-13T02:00:05.189+0000] {taskinstance.py:2076} INFO - Dependencies all met for dep_context=non-requeueable deps ti=<TaskInstance: BuildELT_dbt.dbt_run manual__2024-11-13T01:59:58.978135+00:00 [queued]>
[2024-11-13T02:00:05.197+0000] {taskinstance.py:2076} INFO - Dependencies all met for dep_context=requeueable deps ti=<TaskInstance: BuildELT_dbt.dbt_run manual__2024-11-13T01:59:58.978135+00:00 [queued]>
[2024-11-13T02:00:05.199+0000] {taskinstance.py:2306} INFO - Starting attempt 1 of 1
[2024-11-13T02:00:05.209+0000] {taskinstance.py:2330} INFO - Executing <Task(BashOperator): dbt_run> on 2024-11-13 01:59:58.978135+00:00
[2024-11-13T02:00:05.237+0000] {warnings.py:110} WARNING - /home/***/.local/lib/python3.12/site-packages/***/task/task_runner/standard_task_runner.py:61: DeprecationWarning: This process (pid=204) is multi-threaded, use of fork() may lead to deadlocks in the child.
  pid = os.fork()

[2024-11-13T02:00:05.240+0000] {standard_task_runner.py:63} INFO - Started process 206 to run task
[2024-11-13T02:00:05.239+0000] {standard_task_runner.py:90} INFO - Running: ['***', 'tasks', 'run', 'BuildELT_dbt', 'dbt_run', 'manual__2024-11-13T01:59:58.978135+00:00', '--job-id', '9', '--raw', '--subdir', 'DAGS_FOLDER/build_elt_with_dbt.py', '--cfg-path', '/tmp/tmpi8eq1ha4']
[2024-11-13T02:00:05.243+0000] {standard_task_runner.py:91} INFO - Job 9: Subtask dbt_run
[2024-11-13T02:00:05.317+0000] {task_command.py:426} INFO - Running <TaskInstance: BuildELT_dbt.dbt_run manual__2024-11-13T01:59:58.978135+00:00 [running]> on host e3260ad76193
[2024-11-13T02:00:05.439+0000] {taskinstance.py:2648} INFO - Exporting env vars: AIRFLOW_CTX_DAG_OWNER='***' AIRFLOW_CTX_DAG_ID='BuildELT_dbt' AIRFLOW_CTX_TASK_ID='dbt_run' AIRFLOW_CTX_EXECUTION_DATE='2024-11-13T01:59:58.978135+00:00' AIRFLOW_CTX_TRY_NUMBER='1' AIRFLOW_CTX_DAG_RUN_ID='manual__2024-11-13T01:59:58.978135+00:00'
[2024-11-13T02:00:05.446+0000] {taskinstance.py:430} INFO - ::endgroup::
[2024-11-13T02:00:05.454+0000] {subprocess.py:63} INFO - Tmp dir root location: /tmp
[2024-11-13T02:00:05.456+0000] {subprocess.py:75} INFO - Running command: ['/usr/bin/bash', '-c', '/home/***/.local/bin/dbt run --profiles-dir /opt/***/build_dbt --project-dir /opt/***/build_dbt']
[2024-11-13T02:00:05.481+0000] {subprocess.py:86} INFO - Output:
[2024-11-13T02:00:07.559+0000] {subprocess.py:93} INFO - [0m02:00:07  Running with dbt=1.8.7
[2024-11-13T02:00:10.720+0000] {subprocess.py:93} INFO - [0m02:00:10  Registered adapter: snowflake=1.8.4
[2024-11-13T02:00:11.327+0000] {subprocess.py:93} INFO - [0m02:00:11  [[33mWARNING[0m]: Configuration paths exist in your dbt_project.yml file which do not apply to any resources.
[2024-11-13T02:00:11.350+0000] {subprocess.py:93} INFO - There are 1 unused configuration paths:
[2024-11-13T02:00:11.352+0000] {subprocess.py:93} INFO - - models.build_dbt.example
[2024-11-13T02:00:11.758+0000] {subprocess.py:93} INFO - [0m02:00:11  Found 2 models, 2 sources, 459 macros
[2024-11-13T02:00:11.764+0000] {subprocess.py:93} INFO - [0m02:00:11
[2024-11-13T02:00:15.933+0000] {subprocess.py:93} INFO - [0m02:00:15  Concurrency: 1 threads (target='dev')
[2024-11-13T02:00:15.940+0000] {subprocess.py:93} INFO - [0m02:00:15
[2024-11-13T02:00:15.953+0000] {subprocess.py:93} INFO - [0m02:00:15  1 of 2 START sql view model analytics.population_data .......................... [RUN]
[2024-11-13T02:00:17.618+0000] {subprocess.py:93} INFO - [0m02:00:17  1 of 2 OK created sql view model analytics.population_data ..................... [[32mSUCCESS 1[0m in 1.66s]
[2024-11-13T02:00:17.624+0000] {subprocess.py:93} INFO - [0m02:00:17  2 of 2 START sql view model analytics.population_summary ....................... [RUN]
[2024-11-13T02:00:19.340+0000] {subprocess.py:93} INFO - [0m02:00:19  2 of 2 OK created sql view model analytics.population_summary .................. [[32mSUCCESS 1[0m in 1.70s]
[2024-11-13T02:00:19.370+0000] {subprocess.py:93} INFO - [0m02:00:19
[2024-11-13T02:00:19.374+0000] {subprocess.py:93} INFO - [0m02:00:19  Finished running 2 view models in 0 hours 0 minutes and 7.60 seconds (7.60s).
[2024-11-13T02:00:19.472+0000] {subprocess.py:93} INFO - [0m02:00:19
[2024-11-13T02:00:19.473+0000] {subprocess.py:93} INFO - [0m02:00:19  [32mCompleted successfully[0m
[2024-11-13T02:00:19.475+0000] {subprocess.py:93} INFO - [0m02:00:19
[2024-11-13T02:00:19.476+0000] {subprocess.py:93} INFO - [0m02:00:19  Done. PASS=2 WARN=0 ERROR=0 SKIP=0 TOTAL=2
[2024-11-13T02:00:20.454+0000] {subprocess.py:97} INFO - Command exited with return code 0
[2024-11-13T02:00:20.462+0000] {taskinstance.py:441} INFO - ::group::Post task execution logs
[2024-11-13T02:00:20.531+0000] {taskinstance.py:1206} INFO - Marking task as SUCCESS. dag_id=BuildELT_dbt, task_id=dbt_run, run_id=manual__2024-11-13T01:59:58.978135+00:00, execution_date=20241113T015958, start_date=20241113T020005, end_date=20241113T020020
[2024-11-13T02:00:20.582+0000] {local_task_job_runner.py:240} INFO - Task exited with return code 0
[2024-11-13T02:00:20.617+0000] {taskinstance.py:3498} INFO - 1 downstream tasks scheduled from follow-on schedule check
[2024-11-13T02:00:20.619+0000] {local_task_job_runner.py:222} INFO - ::endgroup::
