[2024-11-14T04:29:46.074+0000] {local_task_job_runner.py:120} INFO - ::group::Pre task execution logs
[2024-11-14T04:29:46.089+0000] {taskinstance.py:2076} INFO - Dependencies all met for dep_context=non-requeueable deps ti=<TaskInstance: BuildELT_dbt.dbt_run manual__2024-11-14T04:29:43.099929+00:00 [queued]>
[2024-11-14T04:29:46.094+0000] {taskinstance.py:2076} INFO - Dependencies all met for dep_context=requeueable deps ti=<TaskInstance: BuildELT_dbt.dbt_run manual__2024-11-14T04:29:43.099929+00:00 [queued]>
[2024-11-14T04:29:46.095+0000] {taskinstance.py:2306} INFO - Starting attempt 1 of 1
[2024-11-14T04:29:46.103+0000] {taskinstance.py:2330} INFO - Executing <Task(BashOperator): dbt_run> on 2024-11-14 04:29:43.099929+00:00
[2024-11-14T04:29:46.122+0000] {warnings.py:110} WARNING - /home/***/.local/lib/python3.12/site-packages/***/task/task_runner/standard_task_runner.py:61: DeprecationWarning: This process (pid=4497) is multi-threaded, use of fork() may lead to deadlocks in the child.
  pid = os.fork()

[2024-11-14T04:29:46.125+0000] {standard_task_runner.py:63} INFO - Started process 4499 to run task
[2024-11-14T04:29:46.125+0000] {standard_task_runner.py:90} INFO - Running: ['***', 'tasks', 'run', 'BuildELT_dbt', 'dbt_run', 'manual__2024-11-14T04:29:43.099929+00:00', '--job-id', '227', '--raw', '--subdir', 'DAGS_FOLDER/build_elt_with_dbt.py', '--cfg-path', '/tmp/tmpuk59n94n']
[2024-11-14T04:29:46.130+0000] {standard_task_runner.py:91} INFO - Job 227: Subtask dbt_run
[2024-11-14T04:29:46.185+0000] {task_command.py:426} INFO - Running <TaskInstance: BuildELT_dbt.dbt_run manual__2024-11-14T04:29:43.099929+00:00 [running]> on host 3627cdc70e56
[2024-11-14T04:29:46.264+0000] {taskinstance.py:2648} INFO - Exporting env vars: AIRFLOW_CTX_DAG_OWNER='***' AIRFLOW_CTX_DAG_ID='BuildELT_dbt' AIRFLOW_CTX_TASK_ID='dbt_run' AIRFLOW_CTX_EXECUTION_DATE='2024-11-14T04:29:43.099929+00:00' AIRFLOW_CTX_TRY_NUMBER='1' AIRFLOW_CTX_DAG_RUN_ID='manual__2024-11-14T04:29:43.099929+00:00'
[2024-11-14T04:29:46.271+0000] {taskinstance.py:430} INFO - ::endgroup::
[2024-11-14T04:29:46.274+0000] {subprocess.py:63} INFO - Tmp dir root location: /tmp
[2024-11-14T04:29:46.278+0000] {subprocess.py:75} INFO - Running command: ['/usr/bin/bash', '-c', '/home/***/.local/bin/dbt run --profiles-dir /opt/***/build_dbt --project-dir /opt/***/build_dbt']
[2024-11-14T04:29:46.296+0000] {subprocess.py:86} INFO - Output:
[2024-11-14T04:29:47.879+0000] {subprocess.py:93} INFO - [0m04:29:47  Running with dbt=1.8.7
[2024-11-14T04:29:48.747+0000] {subprocess.py:93} INFO - [0m04:29:48  Registered adapter: snowflake=1.8.4
[2024-11-14T04:29:49.412+0000] {subprocess.py:93} INFO - [0m04:29:49  [[33mWARNING[0m]: Configuration paths exist in your dbt_project.yml file which do not apply to any resources.
[2024-11-14T04:29:49.416+0000] {subprocess.py:93} INFO - There are 1 unused configuration paths:
[2024-11-14T04:29:49.423+0000] {subprocess.py:93} INFO - - models.build_dbt.example
[2024-11-14T04:29:49.682+0000] {subprocess.py:93} INFO - [0m04:29:49  Found 4 models, 1 snapshot, 2 sources, 459 macros
[2024-11-14T04:29:49.699+0000] {subprocess.py:93} INFO - [0m04:29:49
[2024-11-14T04:29:54.979+0000] {subprocess.py:93} INFO - [0m04:29:54  Concurrency: 1 threads (target='dev')
[2024-11-14T04:29:54.987+0000] {subprocess.py:93} INFO - [0m04:29:54
[2024-11-14T04:29:55.024+0000] {subprocess.py:93} INFO - [0m04:29:55  1 of 4 START sql table model analytics.moving_average .......................... [RUN]
[2024-11-14T04:29:57.437+0000] {subprocess.py:93} INFO - [0m04:29:57  1 of 4 OK created sql table model analytics.moving_average ..................... [[32mSUCCESS 1[0m in 2.40s]
[2024-11-14T04:29:57.450+0000] {subprocess.py:93} INFO - [0m04:29:57  2 of 4 START sql view model analytics.raw_stock_data ........................... [RUN]
[2024-11-14T04:29:59.118+0000] {subprocess.py:93} INFO - [0m04:29:59  2 of 4 OK created sql view model analytics.raw_stock_data ...................... [[32mSUCCESS 1[0m in 1.65s]
[2024-11-14T04:29:59.136+0000] {subprocess.py:93} INFO - [0m04:29:59  3 of 4 START sql view model analytics.rsi ...................................... [RUN]
[2024-11-14T04:30:00.777+0000] {subprocess.py:93} INFO - [0m04:30:00  3 of 4 OK created sql view model analytics.rsi ................................. [[32mSUCCESS 1[0m in 1.62s]
[2024-11-14T04:30:00.796+0000] {subprocess.py:93} INFO - [0m04:30:00  4 of 4 START sql table model analytics.stock_analytics ......................... [RUN]
[2024-11-14T04:30:03.207+0000] {subprocess.py:93} INFO - [0m04:30:03  4 of 4 OK created sql table model analytics.stock_analytics .................... [[32mSUCCESS 1[0m in 2.34s]
[2024-11-14T04:30:03.339+0000] {subprocess.py:93} INFO - [0m04:30:03
[2024-11-14T04:30:03.367+0000] {subprocess.py:93} INFO - [0m04:30:03  Finished running 2 table models, 2 view models in 0 hours 0 minutes and 13.63 seconds (13.63s).
[2024-11-14T04:30:04.446+0000] {subprocess.py:93} INFO - [0m04:30:04
[2024-11-14T04:30:04.506+0000] {subprocess.py:93} INFO - [0m04:30:04  [32mCompleted successfully[0m
[2024-11-14T04:30:04.513+0000] {subprocess.py:93} INFO - [0m04:30:04
[2024-11-14T04:30:04.525+0000] {subprocess.py:93} INFO - [0m04:30:04  Done. PASS=4 WARN=0 ERROR=0 SKIP=0 TOTAL=4
[2024-11-14T04:30:42.567+0000] {subprocess.py:97} INFO - Command exited with return code 0
[2024-11-14T04:30:42.615+0000] {taskinstance.py:441} INFO - ::group::Post task execution logs
[2024-11-14T04:30:42.934+0000] {taskinstance.py:1206} INFO - Marking task as SUCCESS. dag_id=BuildELT_dbt, task_id=dbt_run, run_id=manual__2024-11-14T04:29:43.099929+00:00, execution_date=20241114T042943, start_date=20241114T042946, end_date=20241114T043042
[2024-11-14T04:30:43.111+0000] {local_task_job_runner.py:240} INFO - Task exited with return code 0
[2024-11-14T04:30:43.172+0000] {local_task_job_runner.py:222} INFO - ::endgroup::
