[2024-11-19T02:32:10.491+0000] {local_task_job_runner.py:120} INFO - ::group::Pre task execution logs
[2024-11-19T02:32:10.512+0000] {taskinstance.py:2076} INFO - Dependencies all met for dep_context=non-requeueable deps ti=<TaskInstance: stockprices_v2_decorator.load__1 scheduled__2024-11-19T02:20:00+00:00 [queued]>
[2024-11-19T02:32:10.523+0000] {taskinstance.py:2076} INFO - Dependencies all met for dep_context=requeueable deps ti=<TaskInstance: stockprices_v2_decorator.load__1 scheduled__2024-11-19T02:20:00+00:00 [queued]>
[2024-11-19T02:32:10.524+0000] {taskinstance.py:2306} INFO - Starting attempt 1 of 2
[2024-11-19T02:32:10.536+0000] {taskinstance.py:2330} INFO - Executing <Task(_PythonDecoratedOperator): load__1> on 2024-11-19 02:20:00+00:00
[2024-11-19T02:32:10.563+0000] {warnings.py:110} WARNING - /home/***/.local/lib/python3.12/site-packages/***/task/task_runner/standard_task_runner.py:61: DeprecationWarning: This process (pid=6341) is multi-threaded, use of fork() may lead to deadlocks in the child.
  pid = os.fork()

[2024-11-19T02:32:10.566+0000] {standard_task_runner.py:63} INFO - Started process 6346 to run task
[2024-11-19T02:32:10.572+0000] {standard_task_runner.py:90} INFO - Running: ['***', 'tasks', 'run', 'stockprices_v2_decorator', 'load__1', 'scheduled__2024-11-19T02:20:00+00:00', '--job-id', '1879', '--raw', '--subdir', 'DAGS_FOLDER/stockprices_v2_decorator(3).py', '--cfg-path', '/tmp/tmpi09yrbk_']
[2024-11-19T02:32:10.574+0000] {standard_task_runner.py:91} INFO - Job 1879: Subtask load__1
[2024-11-19T02:32:10.670+0000] {task_command.py:426} INFO - Running <TaskInstance: stockprices_v2_decorator.load__1 scheduled__2024-11-19T02:20:00+00:00 [running]> on host 3627cdc70e56
[2024-11-19T02:32:10.777+0000] {taskinstance.py:2648} INFO - Exporting env vars: AIRFLOW_CTX_DAG_OWNER='***' AIRFLOW_CTX_DAG_ID='stockprices_v2_decorator' AIRFLOW_CTX_TASK_ID='load__1' AIRFLOW_CTX_EXECUTION_DATE='2024-11-19T02:20:00+00:00' AIRFLOW_CTX_TRY_NUMBER='1' AIRFLOW_CTX_DAG_RUN_ID='scheduled__2024-11-19T02:20:00+00:00'
[2024-11-19T02:32:10.779+0000] {taskinstance.py:430} INFO - ::endgroup::
[2024-11-19T02:32:10.780+0000] {logging_mixin.py:188} INFO - No records to load.
[2024-11-19T02:32:10.781+0000] {python.py:237} INFO - Done. Returned value was: None
[2024-11-19T02:32:10.784+0000] {taskinstance.py:441} INFO - ::group::Post task execution logs
[2024-11-19T02:32:10.790+0000] {taskinstance.py:1206} INFO - Marking task as SUCCESS. dag_id=stockprices_v2_decorator, task_id=load__1, run_id=scheduled__2024-11-19T02:20:00+00:00, execution_date=20241119T022000, start_date=20241119T023210, end_date=20241119T023210
[2024-11-19T02:32:10.834+0000] {local_task_job_runner.py:240} INFO - Task exited with return code 0
[2024-11-19T02:32:10.847+0000] {taskinstance.py:3498} INFO - 0 downstream tasks scheduled from follow-on schedule check
[2024-11-19T02:32:10.850+0000] {local_task_job_runner.py:222} INFO - ::endgroup::
