[2024-11-19T00:50:07.215+0000] {local_task_job_runner.py:120} INFO - ::group::Pre task execution logs
[2024-11-19T00:50:07.235+0000] {taskinstance.py:2076} INFO - Dependencies all met for dep_context=non-requeueable deps ti=<TaskInstance: stockprices_v2_decorator.transform__1 scheduled__2024-11-19T00:40:00+00:00 [queued]>
[2024-11-19T00:50:07.243+0000] {taskinstance.py:2076} INFO - Dependencies all met for dep_context=requeueable deps ti=<TaskInstance: stockprices_v2_decorator.transform__1 scheduled__2024-11-19T00:40:00+00:00 [queued]>
[2024-11-19T00:50:07.244+0000] {taskinstance.py:2306} INFO - Starting attempt 1 of 2
[2024-11-19T00:50:07.253+0000] {taskinstance.py:2330} INFO - Executing <Task(_PythonDecoratedOperator): transform__1> on 2024-11-19 00:40:00+00:00
[2024-11-19T00:50:07.282+0000] {warnings.py:110} WARNING - /home/***/.local/lib/python3.12/site-packages/***/task/task_runner/standard_task_runner.py:61: DeprecationWarning: This process (pid=4771) is multi-threaded, use of fork() may lead to deadlocks in the child.
  pid = os.fork()

[2024-11-19T00:50:07.286+0000] {standard_task_runner.py:63} INFO - Started process 4775 to run task
[2024-11-19T00:50:07.292+0000] {standard_task_runner.py:90} INFO - Running: ['***', 'tasks', 'run', 'stockprices_v2_decorator', 'transform__1', 'scheduled__2024-11-19T00:40:00+00:00', '--job-id', '1798', '--raw', '--subdir', 'DAGS_FOLDER/stockprices_v2_decorator(3).py', '--cfg-path', '/tmp/tmpl0bdm2ta']
[2024-11-19T00:50:07.294+0000] {standard_task_runner.py:91} INFO - Job 1798: Subtask transform__1
[2024-11-19T00:50:07.381+0000] {task_command.py:426} INFO - Running <TaskInstance: stockprices_v2_decorator.transform__1 scheduled__2024-11-19T00:40:00+00:00 [running]> on host 3627cdc70e56
[2024-11-19T00:50:07.508+0000] {taskinstance.py:2648} INFO - Exporting env vars: AIRFLOW_CTX_DAG_OWNER='***' AIRFLOW_CTX_DAG_ID='stockprices_v2_decorator' AIRFLOW_CTX_TASK_ID='transform__1' AIRFLOW_CTX_EXECUTION_DATE='2024-11-19T00:40:00+00:00' AIRFLOW_CTX_TRY_NUMBER='1' AIRFLOW_CTX_DAG_RUN_ID='scheduled__2024-11-19T00:40:00+00:00'
[2024-11-19T00:50:07.512+0000] {taskinstance.py:430} INFO - ::endgroup::
[2024-11-19T00:50:07.514+0000] {logging_mixin.py:188} INFO - Processed Data: [
  {
    "date": "2024-11-18",
    "open": "139.5000",
    "high": "141.5500",
    "low": "137.1500",
    "close": "140.1500",
    "volume": "216874603",
    "symbol": "NVDA"
  },
  {
    "date": "2024-11-15",
    "open": "144.8700",
    "high": "145.2400",
    "low": "140.0800",
    "close": "141.9800",
    "volume": "250132869",
    "symbol": "NVDA"
  },
  {
    "date": "2024-11-14",
    "open": "147.6400",
    "high": "149.0000",
    "low": "145.5500",
    "close": "146.7600",
    "volume": "194463301",
    "symbol": "NVDA"
  },
  {
    "date": "2024-11-13",
    "open": "149.0700",
    "high": "149.3300",
    "low": "145.9000",
    "close": "146.2700",
    "volume": "191903267",
    "symbol": "NVDA"
  },
  {
    "date": "2024-11-12",
    "open": "146.7800",
    "high": "149.6500",
    "low": "146.0100",
    "close": "148.2900",
    "volume": "198634738",
    "symbol": "NVDA"
  },
  {
    "date": "2024-11-11",
    "open": "148.6800",
    "high": "148.8500",
    "low": "143.5700",
    "close": "145.2600",
    "volume": "182325620",
    "symbol": "NVDA"
  },
  {
    "date": "2024-11-08",
    "open": "148.7700",
    "high": "149.7700",
    "low": "146.2600",
    "close": "147.6300",
    "volume": "175665830",
    "symbol": "NVDA"
  },
  {
    "date": "2024-11-07",
    "open": "146.3900",
    "high": "148.9300",
    "low": "146.1700",
    "close": "148.8800",
    "volume": "207323303",
    "symbol": "NVDA"
  },
  {
    "date": "2024-11-06",
    "open": "142.9600",
    "high": "146.4900",
    "low": "141.9600",
    "close": "145.6100",
    "volume": "242043945",
    "symbol": "NVDA"
  },
  {
    "date": "2024-11-05",
    "open": "137.4500",
    "high": "140.3701",
    "low": "137.3300",
    "close": "139.9100",
    "volume": "160537373",
    "symbol": "NVDA"
  },
  {
    "date": "2024-11-04",
    "open": "137.2100",
    "high": "138.9600",
    "low": "135.5700",
    "close": "136.0500",
    "volume": "187528173",
    "symbol": "NVDA"
  },
  {
    "date": "2024-11-01",
    "open": "134.7000",
    "high": "137.3100",
    "low": "134.5700",
    "close": "135.4000",
    "volume": "207127838",
    "symbol": "NVDA"
  },
  {
    "date": "2024-10-31",
    "open": "137.6000",
    "high": "137.6100",
    "low": "132.1106",
    "close": "132.7600",
    "volume": "270039641",
    "symbol": "NVDA"
  },
  {
    "date": "2024-10-30",
    "open": "139.5400",
    "high": "140.3300",
    "low": "136.8100",
    "close": "139.3350",
    "volume": "179418082",
    "symbol": "NVDA"
  },
  {
    "date": "2024-10-29",
    "open": "140.2850",
    "high": "142.2598",
    "low": "138.9000",
    "close": "141.2500",
    "volume": "157593634",
    "symbol": "NVDA"
  },
  {
    "date": "2024-10-28",
    "open": "143.0000",
    "high": "143.1400",
    "low": "140.0500",
    "close": "140.5200",
    "volume": "173586745",
    "symbol": "NVDA"
  },
  {
    "date": "2024-10-25",
    "open": "140.9300",
    "high": "144.1300",
    "low": "140.8000",
    "close": "141.5400",
    "volume": "205122109",
    "symbol": "NVDA"
  },
  {
    "date": "2024-10-24",
    "open": "140.8200",
    "high": "141.3500",
    "low": "138.4600",
    "close": "140.4100",
    "volume": "172354888",
    "symbol": "NVDA"
  },
  {
    "date": "2024-10-23",
    "open": "142.0300",
    "high": "142.4300",
    "low": "137.4600",
    "close": "139.5600",
    "volume": "285930038",
    "symbol": "NVDA"
  },
  {
    "date": "2024-10-22",
    "open": "142.9100",
    "high": "144.4200",
    "low": "141.7800",
    "close": "143.5900",
    "volume": "226311589",
    "symbol": "NVDA"
  },
  {
    "date": "2024-10-21",
    "open": "138.1300",
    "high": "143.7100",
    "low": "138.0000",
    "close": "143.7100",
    "volume": "264554514",
    "symbol": "NVDA"
  },
  {
    "date": "2024-10-18",
    "open": "138.6650",
    "high": "138.9000",
    "low": "137.2800",
    "close": "138.0000",
    "volume": "176090184",
    "symbol": "NVDA"
  },
  {
    "date": "2024-10-17",
    "open": "139.3400",
    "high": "140.8900",
    "low": "136.8700",
    "close": "136.9300",
    "volume": "306435921",
    "symbol": "NVDA"
  },
  {
    "date": "2024-10-16",
    "open": "133.9800",
    "high": "136.6200",
    "low": "131.5800",
    "close": "135.7200",
    "volume": "264879720",
    "symbol": "NVDA"
  },
  {
    "date": "2024-10-15",
    "open": "137.8700",
    "high": "138.5700",
    "low": "128.7400",
    "close": "131.6000",
    "volume": "377831021",
    "symbol": "NVDA"
  },
  {
    "date": "2024-10-14",
    "open": "136.4700",
    "high": "139.6000",
    "low": "136.3000",
    "close": "138.0700",
    "volume": "232347668",
    "symbol": "NVDA"
  },
  {
    "date": "2024-10-11",
    "open": "134.0100",
    "high": "135.7800",
    "low": "133.6600",
    "close": "134.8000",
    "volume": "170209474",
    "symbol": "NVDA"
  },
  {
    "date": "2024-10-10",
    "open": "131.9100",
    "high": "135.0000",
    "low": "131.0000",
    "close": "134.8100",
    "volume": "242311337",
    "symbol": "NVDA"
  },
  {
    "date": "2024-10-09",
    "open": "134.1100",
    "high": "134.5200",
    "low": "131.3800",
    "close": "132.6500",
    "volume": "246191612",
    "symbol": "NVDA"
  },
  {
    "date": "2024-10-08",
    "open": "130.2600",
    "high": "133.4800",
    "low": "129.4200",
    "close": "132.8900",
    "volume": "285722485",
    "symbol": "NVDA"
  },
  {
    "date": "2024-10-07",
    "open": "124.9900",
    "high": "130.6400",
    "low": "124.9500",
    "close": "127.7200",
    "volume": "346250233",
    "symbol": "NVDA"
  },
  {
    "date": "2024-10-04",
    "open": "124.9400",
    "high": "125.0400",
    "low": "121.8300",
    "close": "124.9200",
    "volume": "244465552",
    "symbol": "NVDA"
  },
  {
    "date": "2024-10-03",
    "open": "120.9200",
    "high": "124.3600",
    "low": "120.3401",
    "close": "122.8500",
    "volume": "277117973",
    "symbol": "NVDA"
  },
  {
    "date": "2024-10-02",
    "open": "116.4400",
    "high": "119.3800",
    "low": "115.1400",
    "close": "118.8500",
    "volume": "221845887",
    "symbol": "NVDA"
  },
  {
    "date": "2024-10-01",
    "open": "121.7650",
    "high": "122.4351",
    "low": "115.7900",
    "close": "117.0000",
    "volume": "302094485",
    "symbol": "NVDA"
  },
  {
    "date": "2024-09-30",
    "open": "118.3100",
    "high": "121.5000",
    "low": "118.1500",
    "close": "121.4400",
    "volume": "227053651",
    "symbol": "NVDA"
  },
  {
    "date": "2024-09-27",
    "open": "123.9700",
    "high": "124.0300",
    "low": "119.2600",
    "close": "121.4000",
    "volume": "271009175",
    "symbol": "NVDA"
  },
  {
    "date": "2024-09-26",
    "open": "126.8000",
    "high": "127.6650",
    "low": "121.8000",
    "close": "124.0400",
    "volume": "302582868",
    "symbol": "NVDA"
  },
  {
    "date": "2024-09-25",
    "open": "122.0200",
    "high": "124.9400",
    "low": "121.6100",
    "close": "123.5100",
    "volume": "284692948",
    "symbol": "NVDA"
  },
  {
    "date": "2024-09-24",
    "open": "116.5150",
    "high": "121.8000",
    "low": "115.3800",
    "close": "120.8700",
    "volume": "354966772",
    "symbol": "NVDA"
  },
  {
    "date": "2024-09-23",
    "open": "116.5500",
    "high": "116.9900",
    "low": "114.8600",
    "close": "116.2600",
    "volume": "206228490",
    "symbol": "NVDA"
  },
  {
    "date": "2024-09-20",
    "open": "117.0600",
    "high": "118.6181",
    "low": "115.3901",
    "close": "116.0000",
    "volume": "382462428",
    "symbol": "NVDA"
  },
  {
    "date": "2024-09-19",
    "open": "117.3500",
    "high": "119.6600",
    "low": "117.2500",
    "close": "117.8700",
    "volume": "293506438",
    "symbol": "NVDA"
  },
  {
    "date": "2024-09-18",
    "open": "115.8900",
    "high": "117.7000",
    "low": "113.2200",
    "close": "113.3700",
    "volume": "310318937",
    "symbol": "NVDA"
  },
  {
    "date": "2024-09-17",
    "open": "118.1700",
    "high": "118.8000",
    "low": "114.8300",
    "close": "115.5900",
    "volume": "231925876",
    "symbol": "NVDA"
  },
  {
    "date": "2024-09-16",
    "open": "116.7900",
    "high": "118.1800",
    "low": "114.3600",
    "close": "116.7800",
    "volume": "248772308",
    "symbol": "NVDA"
  },
  {
    "date": "2024-09-13",
    "open": "119.0800",
    "high": "119.9550",
    "low": "117.6000",
    "close": "119.1000",
    "volume": "238358328",
    "symbol": "NVDA"
  },
  {
    "date": "2024-09-12",
    "open": "116.8400",
    "high": "120.7900",
    "low": "115.3800",
    "close": "119.1400",
    "volume": "367100496",
    "symbol": "NVDA"
  },
  {
    "date": "2024-09-11",
    "open": "109.3900",
    "high": "117.1900",
    "low": "107.4200",
    "close": "116.9100",
    "volume": "441422370",
    "symbol": "NVDA"
  },
  {
    "date": "2024-09-10",
    "open": "107.8100",
    "high": "109.4000",
    "low": "104.9500",
    "close": "108.1000",
    "volume": "268283736",
    "symbol": "NVDA"
  },
  {
    "date": "2024-09-09",
    "open": "104.8800",
    "high": "106.5500",
    "low": "103.6900",
    "close": "106.4700",
    "volume": "273912015",
    "symbol": "NVDA"
  },
  {
    "date": "2024-09-06",
    "open": "108.0400",
    "high": "108.1500",
    "low": "100.9500",
    "close": "102.8300",
    "volume": "413638098",
    "symbol": "NVDA"
  },
  {
    "date": "2024-09-05",
    "open": "104.9850",
    "high": "109.6500",
    "low": "104.7600",
    "close": "107.2100",
    "volume": "306850696",
    "symbol": "NVDA"
  },
  {
    "date": "2024-09-04",
    "open": "105.4100",
    "high": "113.2700",
    "low": "104.1200",
    "close": "106.2100",
    "volume": "368378810",
    "symbol": "NVDA"
  },
  {
    "date": "2024-09-03",
    "open": "116.0100",
    "high": "116.2100",
    "low": "107.2900",
    "close": "108.0000",
    "volume": "477155100",
    "symbol": "NVDA"
  },
  {
    "date": "2024-08-30",
    "open": "119.5300",
    "high": "121.7500",
    "low": "117.2200",
    "close": "119.3700",
    "volume": "333751583",
    "symbol": "NVDA"
  },
  {
    "date": "2024-08-29",
    "open": "121.3550",
    "high": "124.4300",
    "low": "116.7100",
    "close": "117.5900",
    "volume": "453023305",
    "symbol": "NVDA"
  },
  {
    "date": "2024-08-28",
    "open": "128.1200",
    "high": "128.3300",
    "low": "122.6400",
    "close": "125.6100",
    "volume": "448101115",
    "symbol": "NVDA"
  },
  {
    "date": "2024-08-27",
    "open": "125.0500",
    "high": "129.2000",
    "low": "123.8800",
    "close": "128.3000",
    "volume": "303134573",
    "symbol": "NVDA"
  },
  {
    "date": "2024-08-26",
    "open": "129.5700",
    "high": "131.2600",
    "low": "124.3700",
    "close": "126.4600",
    "volume": "331964672",
    "symbol": "NVDA"
  },
  {
    "date": "2024-08-23",
    "open": "125.8600",
    "high": "129.6000",
    "low": "125.2200",
    "close": "129.3700",
    "volume": "323230332",
    "symbol": "NVDA"
  },
  {
    "date": "2024-08-22",
    "open": "130.0200",
    "high": "130.7500",
    "low": "123.1000",
    "close": "123.7400",
    "volume": "376189076",
    "symbol": "NVDA"
  }
]
[2024-11-19T00:50:07.516+0000] {python.py:237} INFO - Done. Returned value was: [{'date': '2024-11-18', 'open': '139.5000', 'high': '141.5500', 'low': '137.1500', 'close': '140.1500', 'volume': '216874603', 'symbol': 'NVDA'}, {'date': '2024-11-15', 'open': '144.8700', 'high': '145.2400', 'low': '140.0800', 'close': '141.9800', 'volume': '250132869', 'symbol': 'NVDA'}, {'date': '2024-11-14', 'open': '147.6400', 'high': '149.0000', 'low': '145.5500', 'close': '146.7600', 'volume': '194463301', 'symbol': 'NVDA'}, {'date': '2024-11-13', 'open': '149.0700', 'high': '149.3300', 'low': '145.9000', 'close': '146.2700', 'volume': '191903267', 'symbol': 'NVDA'}, {'date': '2024-11-12', 'open': '146.7800', 'high': '149.6500', 'low': '146.0100', 'close': '148.2900', 'volume': '198634738', 'symbol': 'NVDA'}, {'date': '2024-11-11', 'open': '148.6800', 'high': '148.8500', 'low': '143.5700', 'close': '145.2600', 'volume': '182325620', 'symbol': 'NVDA'}, {'date': '2024-11-08', 'open': '148.7700', 'high': '149.7700', 'low': '146.2600', 'close': '147.6300', 'volume': '175665830', 'symbol': 'NVDA'}, {'date': '2024-11-07', 'open': '146.3900', 'high': '148.9300', 'low': '146.1700', 'close': '148.8800', 'volume': '207323303', 'symbol': 'NVDA'}, {'date': '2024-11-06', 'open': '142.9600', 'high': '146.4900', 'low': '141.9600', 'close': '145.6100', 'volume': '242043945', 'symbol': 'NVDA'}, {'date': '2024-11-05', 'open': '137.4500', 'high': '140.3701', 'low': '137.3300', 'close': '139.9100', 'volume': '160537373', 'symbol': 'NVDA'}, {'date': '2024-11-04', 'open': '137.2100', 'high': '138.9600', 'low': '135.5700', 'close': '136.0500', 'volume': '187528173', 'symbol': 'NVDA'}, {'date': '2024-11-01', 'open': '134.7000', 'high': '137.3100', 'low': '134.5700', 'close': '135.4000', 'volume': '207127838', 'symbol': 'NVDA'}, {'date': '2024-10-31', 'open': '137.6000', 'high': '137.6100', 'low': '132.1106', 'close': '132.7600', 'volume': '270039641', 'symbol': 'NVDA'}, {'date': '2024-10-30', 'open': '139.5400', 'high': '140.3300', 'low': '136.8100', 'close': '139.3350', 'volume': '179418082', 'symbol': 'NVDA'}, {'date': '2024-10-29', 'open': '140.2850', 'high': '142.2598', 'low': '138.9000', 'close': '141.2500', 'volume': '157593634', 'symbol': 'NVDA'}, {'date': '2024-10-28', 'open': '143.0000', 'high': '143.1400', 'low': '140.0500', 'close': '140.5200', 'volume': '173586745', 'symbol': 'NVDA'}, {'date': '2024-10-25', 'open': '140.9300', 'high': '144.1300', 'low': '140.8000', 'close': '141.5400', 'volume': '205122109', 'symbol': 'NVDA'}, {'date': '2024-10-24', 'open': '140.8200', 'high': '141.3500', 'low': '138.4600', 'close': '140.4100', 'volume': '172354888', 'symbol': 'NVDA'}, {'date': '2024-10-23', 'open': '142.0300', 'high': '142.4300', 'low': '137.4600', 'close': '139.5600', 'volume': '285930038', 'symbol': 'NVDA'}, {'date': '2024-10-22', 'open': '142.9100', 'high': '144.4200', 'low': '141.7800', 'close': '143.5900', 'volume': '226311589', 'symbol': 'NVDA'}, {'date': '2024-10-21', 'open': '138.1300', 'high': '143.7100', 'low': '138.0000', 'close': '143.7100', 'volume': '264554514', 'symbol': 'NVDA'}, {'date': '2024-10-18', 'open': '138.6650', 'high': '138.9000', 'low': '137.2800', 'close': '138.0000', 'volume': '176090184', 'symbol': 'NVDA'}, {'date': '2024-10-17', 'open': '139.3400', 'high': '140.8900', 'low': '136.8700', 'close': '136.9300', 'volume': '306435921', 'symbol': 'NVDA'}, {'date': '2024-10-16', 'open': '133.9800', 'high': '136.6200', 'low': '131.5800', 'close': '135.7200', 'volume': '264879720', 'symbol': 'NVDA'}, {'date': '2024-10-15', 'open': '137.8700', 'high': '138.5700', 'low': '128.7400', 'close': '131.6000', 'volume': '377831021', 'symbol': 'NVDA'}, {'date': '2024-10-14', 'open': '136.4700', 'high': '139.6000', 'low': '136.3000', 'close': '138.0700', 'volume': '232347668', 'symbol': 'NVDA'}, {'date': '2024-10-11', 'open': '134.0100', 'high': '135.7800', 'low': '133.6600', 'close': '134.8000', 'volume': '170209474', 'symbol': 'NVDA'}, {'date': '2024-10-10', 'open': '131.9100', 'high': '135.0000', 'low': '131.0000', 'close': '134.8100', 'volume': '242311337', 'symbol': 'NVDA'}, {'date': '2024-10-09', 'open': '134.1100', 'high': '134.5200', 'low': '131.3800', 'close': '132.6500', 'volume': '246191612', 'symbol': 'NVDA'}, {'date': '2024-10-08', 'open': '130.2600', 'high': '133.4800', 'low': '129.4200', 'close': '132.8900', 'volume': '285722485', 'symbol': 'NVDA'}, {'date': '2024-10-07', 'open': '124.9900', 'high': '130.6400', 'low': '124.9500', 'close': '127.7200', 'volume': '346250233', 'symbol': 'NVDA'}, {'date': '2024-10-04', 'open': '124.9400', 'high': '125.0400', 'low': '121.8300', 'close': '124.9200', 'volume': '244465552', 'symbol': 'NVDA'}, {'date': '2024-10-03', 'open': '120.9200', 'high': '124.3600', 'low': '120.3401', 'close': '122.8500', 'volume': '277117973', 'symbol': 'NVDA'}, {'date': '2024-10-02', 'open': '116.4400', 'high': '119.3800', 'low': '115.1400', 'close': '118.8500', 'volume': '221845887', 'symbol': 'NVDA'}, {'date': '2024-10-01', 'open': '121.7650', 'high': '122.4351', 'low': '115.7900', 'close': '117.0000', 'volume': '302094485', 'symbol': 'NVDA'}, {'date': '2024-09-30', 'open': '118.3100', 'high': '121.5000', 'low': '118.1500', 'close': '121.4400', 'volume': '227053651', 'symbol': 'NVDA'}, {'date': '2024-09-27', 'open': '123.9700', 'high': '124.0300', 'low': '119.2600', 'close': '121.4000', 'volume': '271009175', 'symbol': 'NVDA'}, {'date': '2024-09-26', 'open': '126.8000', 'high': '127.6650', 'low': '121.8000', 'close': '124.0400', 'volume': '302582868', 'symbol': 'NVDA'}, {'date': '2024-09-25', 'open': '122.0200', 'high': '124.9400', 'low': '121.6100', 'close': '123.5100', 'volume': '284692948', 'symbol': 'NVDA'}, {'date': '2024-09-24', 'open': '116.5150', 'high': '121.8000', 'low': '115.3800', 'close': '120.8700', 'volume': '354966772', 'symbol': 'NVDA'}, {'date': '2024-09-23', 'open': '116.5500', 'high': '116.9900', 'low': '114.8600', 'close': '116.2600', 'volume': '206228490', 'symbol': 'NVDA'}, {'date': '2024-09-20', 'open': '117.0600', 'high': '118.6181', 'low': '115.3901', 'close': '116.0000', 'volume': '382462428', 'symbol': 'NVDA'}, {'date': '2024-09-19', 'open': '117.3500', 'high': '119.6600', 'low': '117.2500', 'close': '117.8700', 'volume': '293506438', 'symbol': 'NVDA'}, {'date': '2024-09-18', 'open': '115.8900', 'high': '117.7000', 'low': '113.2200', 'close': '113.3700', 'volume': '310318937', 'symbol': 'NVDA'}, {'date': '2024-09-17', 'open': '118.1700', 'high': '118.8000', 'low': '114.8300', 'close': '115.5900', 'volume': '231925876', 'symbol': 'NVDA'}, {'date': '2024-09-16', 'open': '116.7900', 'high': '118.1800', 'low': '114.3600', 'close': '116.7800', 'volume': '248772308', 'symbol': 'NVDA'}, {'date': '2024-09-13', 'open': '119.0800', 'high': '119.9550', 'low': '117.6000', 'close': '119.1000', 'volume': '238358328', 'symbol': 'NVDA'}, {'date': '2024-09-12', 'open': '116.8400', 'high': '120.7900', 'low': '115.3800', 'close': '119.1400', 'volume': '367100496', 'symbol': 'NVDA'}, {'date': '2024-09-11', 'open': '109.3900', 'high': '117.1900', 'low': '107.4200', 'close': '116.9100', 'volume': '441422370', 'symbol': 'NVDA'}, {'date': '2024-09-10', 'open': '107.8100', 'high': '109.4000', 'low': '104.9500', 'close': '108.1000', 'volume': '268283736', 'symbol': 'NVDA'}, {'date': '2024-09-09', 'open': '104.8800', 'high': '106.5500', 'low': '103.6900', 'close': '106.4700', 'volume': '273912015', 'symbol': 'NVDA'}, {'date': '2024-09-06', 'open': '108.0400', 'high': '108.1500', 'low': '100.9500', 'close': '102.8300', 'volume': '413638098', 'symbol': 'NVDA'}, {'date': '2024-09-05', 'open': '104.9850', 'high': '109.6500', 'low': '104.7600', 'close': '107.2100', 'volume': '306850696', 'symbol': 'NVDA'}, {'date': '2024-09-04', 'open': '105.4100', 'high': '113.2700', 'low': '104.1200', 'close': '106.2100', 'volume': '368378810', 'symbol': 'NVDA'}, {'date': '2024-09-03', 'open': '116.0100', 'high': '116.2100', 'low': '107.2900', 'close': '108.0000', 'volume': '477155100', 'symbol': 'NVDA'}, {'date': '2024-08-30', 'open': '119.5300', 'high': '121.7500', 'low': '117.2200', 'close': '119.3700', 'volume': '333751583', 'symbol': 'NVDA'}, {'date': '2024-08-29', 'open': '121.3550', 'high': '124.4300', 'low': '116.7100', 'close': '117.5900', 'volume': '453023305', 'symbol': 'NVDA'}, {'date': '2024-08-28', 'open': '128.1200', 'high': '128.3300', 'low': '122.6400', 'close': '125.6100', 'volume': '448101115', 'symbol': 'NVDA'}, {'date': '2024-08-27', 'open': '125.0500', 'high': '129.2000', 'low': '123.8800', 'close': '128.3000', 'volume': '303134573', 'symbol': 'NVDA'}, {'date': '2024-08-26', 'open': '129.5700', 'high': '131.2600', 'low': '124.3700', 'close': '126.4600', 'volume': '331964672', 'symbol': 'NVDA'}, {'date': '2024-08-23', 'open': '125.8600', 'high': '129.6000', 'low': '125.2200', 'close': '129.3700', 'volume': '323230332', 'symbol': 'NVDA'}, {'date': '2024-08-22', 'open': '130.0200', 'high': '130.7500', 'low': '123.1000', 'close': '123.7400', 'volume': '376189076', 'symbol': 'NVDA'}]
[2024-11-19T00:50:07.522+0000] {taskinstance.py:441} INFO - ::group::Post task execution logs
[2024-11-19T00:50:07.557+0000] {taskinstance.py:1206} INFO - Marking task as SUCCESS. dag_id=stockprices_v2_decorator, task_id=transform__1, run_id=scheduled__2024-11-19T00:40:00+00:00, execution_date=20241119T004000, start_date=20241119T005007, end_date=20241119T005007
[2024-11-19T00:50:07.585+0000] {local_task_job_runner.py:240} INFO - Task exited with return code 0
[2024-11-19T00:50:07.596+0000] {local_task_job_runner.py:222} INFO - ::endgroup::
