[2024-11-13T07:16:00.116+0000] {local_task_job_runner.py:120} INFO - ::group::Pre task execution logs
[2024-11-13T07:16:00.138+0000] {taskinstance.py:2076} INFO - Dependencies all met for dep_context=non-requeueable deps ti=<TaskInstance: BuildELT_dbt.dbt_snapshot manual__2024-11-13T07:15:37.465233+00:00 [queued]>
[2024-11-13T07:16:00.147+0000] {taskinstance.py:2076} INFO - Dependencies all met for dep_context=requeueable deps ti=<TaskInstance: BuildELT_dbt.dbt_snapshot manual__2024-11-13T07:15:37.465233+00:00 [queued]>
[2024-11-13T07:16:00.149+0000] {taskinstance.py:2306} INFO - Starting attempt 1 of 1
[2024-11-13T07:16:00.165+0000] {taskinstance.py:2330} INFO - Executing <Task(BashOperator): dbt_snapshot> on 2024-11-13 07:15:37.465233+00:00
[2024-11-13T07:16:00.175+0000] {warnings.py:110} WARNING - /home/***/.local/lib/python3.12/site-packages/***/task/task_runner/standard_task_runner.py:61: DeprecationWarning: This process (pid=335) is multi-threaded, use of fork() may lead to deadlocks in the child.
  pid = os.fork()

[2024-11-13T07:16:00.180+0000] {standard_task_runner.py:63} INFO - Started process 337 to run task
[2024-11-13T07:16:00.178+0000] {standard_task_runner.py:90} INFO - Running: ['***', 'tasks', 'run', 'BuildELT_dbt', 'dbt_snapshot', 'manual__2024-11-13T07:15:37.465233+00:00', '--job-id', '18', '--raw', '--subdir', 'DAGS_FOLDER/build_elt_with_dbt.py', '--cfg-path', '/tmp/tmp9364li4f']
[2024-11-13T07:16:00.183+0000] {standard_task_runner.py:91} INFO - Job 18: Subtask dbt_snapshot
[2024-11-13T07:16:00.228+0000] {task_command.py:426} INFO - Running <TaskInstance: BuildELT_dbt.dbt_snapshot manual__2024-11-13T07:15:37.465233+00:00 [running]> on host e3260ad76193
[2024-11-13T07:16:00.299+0000] {taskinstance.py:2648} INFO - Exporting env vars: AIRFLOW_CTX_DAG_OWNER='***' AIRFLOW_CTX_DAG_ID='BuildELT_dbt' AIRFLOW_CTX_TASK_ID='dbt_snapshot' AIRFLOW_CTX_EXECUTION_DATE='2024-11-13T07:15:37.465233+00:00' AIRFLOW_CTX_TRY_NUMBER='1' AIRFLOW_CTX_DAG_RUN_ID='manual__2024-11-13T07:15:37.465233+00:00'
[2024-11-13T07:16:00.301+0000] {taskinstance.py:430} INFO - ::endgroup::
[2024-11-13T07:16:00.303+0000] {subprocess.py:63} INFO - Tmp dir root location: /tmp
[2024-11-13T07:16:00.305+0000] {subprocess.py:75} INFO - Running command: ['/usr/bin/bash', '-c', '/home/***/.local/bin/dbt snapshot --profiles-dir /opt/***/build_dbt --project-dir /opt/***/build_dbt']
[2024-11-13T07:16:00.316+0000] {subprocess.py:86} INFO - Output:
[2024-11-13T07:16:01.763+0000] {subprocess.py:93} INFO - [0m07:16:01  Running with dbt=1.8.7
[2024-11-13T07:16:02.713+0000] {subprocess.py:93} INFO - [0m07:16:02  Registered adapter: snowflake=1.8.4
[2024-11-13T07:16:02.825+0000] {subprocess.py:93} INFO - [0m07:16:02  [[33mWARNING[0m]: Configuration paths exist in your dbt_project.yml file which do not apply to any resources.
[2024-11-13T07:16:02.826+0000] {subprocess.py:93} INFO - There are 1 unused configuration paths:
[2024-11-13T07:16:02.827+0000] {subprocess.py:93} INFO - - models.build_dbt.example
[2024-11-13T07:16:02.984+0000] {subprocess.py:93} INFO - [0m07:16:02  Found 2 models, 2 sources, 459 macros
[2024-11-13T07:16:02.991+0000] {subprocess.py:93} INFO - [0m07:16:02
[2024-11-13T07:16:02.993+0000] {subprocess.py:93} INFO - [0m07:16:02  Nothing to do. Try checking your model configs and model specification args
[2024-11-13T07:16:03.783+0000] {subprocess.py:97} INFO - Command exited with return code 0
[2024-11-13T07:16:03.786+0000] {taskinstance.py:441} INFO - ::group::Post task execution logs
[2024-11-13T07:16:03.823+0000] {taskinstance.py:1206} INFO - Marking task as SUCCESS. dag_id=BuildELT_dbt, task_id=dbt_snapshot, run_id=manual__2024-11-13T07:15:37.465233+00:00, execution_date=20241113T071537, start_date=20241113T071600, end_date=20241113T071603
[2024-11-13T07:16:03.889+0000] {local_task_job_runner.py:240} INFO - Task exited with return code 0
[2024-11-13T07:16:03.916+0000] {taskinstance.py:3498} INFO - 0 downstream tasks scheduled from follow-on schedule check
[2024-11-13T07:16:03.920+0000] {local_task_job_runner.py:222} INFO - ::endgroup::
