[2024-11-17T11:08:46.441+0000] {local_task_job_runner.py:120} INFO - ::group::Pre task execution logs
[2024-11-17T11:08:46.475+0000] {taskinstance.py:2076} INFO - Dependencies all met for dep_context=non-requeueable deps ti=<TaskInstance: stockprices_v2_decorator.transform scheduled__2024-11-17T10:50:00+00:00 [queued]>
[2024-11-17T11:08:46.484+0000] {taskinstance.py:2076} INFO - Dependencies all met for dep_context=requeueable deps ti=<TaskInstance: stockprices_v2_decorator.transform scheduled__2024-11-17T10:50:00+00:00 [queued]>
[2024-11-17T11:08:46.489+0000] {taskinstance.py:2306} INFO - Starting attempt 1 of 2
[2024-11-17T11:08:46.516+0000] {taskinstance.py:2330} INFO - Executing <Task(_PythonDecoratedOperator): transform> on 2024-11-17 10:50:00+00:00
[2024-11-17T11:08:46.545+0000] {warnings.py:110} WARNING - /home/***/.local/lib/python3.12/site-packages/***/task/task_runner/standard_task_runner.py:61: DeprecationWarning: This process (pid=6687) is multi-threaded, use of fork() may lead to deadlocks in the child.
  pid = os.fork()

[2024-11-17T11:08:46.555+0000] {standard_task_runner.py:90} INFO - Running: ['***', 'tasks', 'run', 'stockprices_v2_decorator', 'transform', 'scheduled__2024-11-17T10:50:00+00:00', '--job-id', '932', '--raw', '--subdir', 'DAGS_FOLDER/stockprices_v2_decorator(3).py', '--cfg-path', '/tmp/tmpfgrz0o8o']
[2024-11-17T11:08:46.557+0000] {standard_task_runner.py:63} INFO - Started process 6695 to run task
[2024-11-17T11:08:46.564+0000] {standard_task_runner.py:91} INFO - Job 932: Subtask transform
[2024-11-17T11:08:46.694+0000] {task_command.py:426} INFO - Running <TaskInstance: stockprices_v2_decorator.transform scheduled__2024-11-17T10:50:00+00:00 [running]> on host 3627cdc70e56
[2024-11-17T11:08:46.896+0000] {taskinstance.py:2648} INFO - Exporting env vars: AIRFLOW_CTX_DAG_OWNER='***' AIRFLOW_CTX_DAG_ID='stockprices_v2_decorator' AIRFLOW_CTX_TASK_ID='transform' AIRFLOW_CTX_EXECUTION_DATE='2024-11-17T10:50:00+00:00' AIRFLOW_CTX_TRY_NUMBER='1' AIRFLOW_CTX_DAG_RUN_ID='scheduled__2024-11-17T10:50:00+00:00'
[2024-11-17T11:08:46.959+0000] {taskinstance.py:430} INFO - ::endgroup::
[2024-11-17T11:08:46.963+0000] {logging_mixin.py:188} INFO - Processed Data: []
[2024-11-17T11:08:46.998+0000] {python.py:237} INFO - Done. Returned value was: []
[2024-11-17T11:08:47.003+0000] {taskinstance.py:441} INFO - ::group::Post task execution logs
[2024-11-17T11:08:47.021+0000] {taskinstance.py:1206} INFO - Marking task as SUCCESS. dag_id=stockprices_v2_decorator, task_id=transform, run_id=scheduled__2024-11-17T10:50:00+00:00, execution_date=20241117T105000, start_date=20241117T110846, end_date=20241117T110847
[2024-11-17T11:08:47.085+0000] {local_task_job_runner.py:240} INFO - Task exited with return code 0
[2024-11-17T11:08:47.111+0000] {taskinstance.py:3498} INFO - 0 downstream tasks scheduled from follow-on schedule check
[2024-11-17T11:08:47.117+0000] {local_task_job_runner.py:222} INFO - ::endgroup::
