[2024-11-19T15:55:54.937+0000] {local_task_job_runner.py:120} INFO - ::group::Pre task execution logs
[2024-11-19T15:55:55.348+0000] {taskinstance.py:2076} INFO - Dependencies all met for dep_context=non-requeueable deps ti=<TaskInstance: stockprices_v2_decorator.load__1 scheduled__2024-11-19T13:10:00+00:00 [queued]>
[2024-11-19T15:55:55.466+0000] {taskinstance.py:2076} INFO - Dependencies all met for dep_context=requeueable deps ti=<TaskInstance: stockprices_v2_decorator.load__1 scheduled__2024-11-19T13:10:00+00:00 [queued]>
[2024-11-19T15:55:55.473+0000] {taskinstance.py:2306} INFO - Starting attempt 1 of 2
[2024-11-19T15:55:55.807+0000] {taskinstance.py:2330} INFO - Executing <Task(_PythonDecoratedOperator): load__1> on 2024-11-19 13:10:00+00:00
[2024-11-19T15:55:56.169+0000] {warnings.py:110} WARNING - /home/***/.local/lib/python3.12/site-packages/***/task/task_runner/standard_task_runner.py:61: DeprecationWarning: This process (pid=8509) is multi-threaded, use of fork() may lead to deadlocks in the child.
  pid = os.fork()

[2024-11-19T15:55:56.204+0000] {standard_task_runner.py:63} INFO - Started process 8523 to run task
[2024-11-19T15:55:56.227+0000] {standard_task_runner.py:90} INFO - Running: ['***', 'tasks', 'run', 'stockprices_v2_decorator', 'load__1', 'scheduled__2024-11-19T13:10:00+00:00', '--job-id', '2061', '--raw', '--subdir', 'DAGS_FOLDER/stockprices_v2_decorator(3).py', '--cfg-path', '/tmp/tmpez06v7zs']
[2024-11-19T15:55:56.270+0000] {standard_task_runner.py:91} INFO - Job 2061: Subtask load__1
[2024-11-19T15:55:56.841+0000] {task_command.py:426} INFO - Running <TaskInstance: stockprices_v2_decorator.load__1 scheduled__2024-11-19T13:10:00+00:00 [running]> on host 3627cdc70e56
[2024-11-19T15:55:57.650+0000] {taskinstance.py:2648} INFO - Exporting env vars: AIRFLOW_CTX_DAG_OWNER='***' AIRFLOW_CTX_DAG_ID='stockprices_v2_decorator' AIRFLOW_CTX_TASK_ID='load__1' AIRFLOW_CTX_EXECUTION_DATE='2024-11-19T13:10:00+00:00' AIRFLOW_CTX_TRY_NUMBER='1' AIRFLOW_CTX_DAG_RUN_ID='scheduled__2024-11-19T13:10:00+00:00'
[2024-11-19T15:55:57.699+0000] {taskinstance.py:430} INFO - ::endgroup::
[2024-11-19T15:55:57.711+0000] {logging_mixin.py:188} INFO - No records to load.
[2024-11-19T15:55:57.718+0000] {python.py:237} INFO - Done. Returned value was: None
[2024-11-19T15:55:57.723+0000] {taskinstance.py:441} INFO - ::group::Post task execution logs
[2024-11-19T15:55:57.873+0000] {taskinstance.py:1206} INFO - Marking task as SUCCESS. dag_id=stockprices_v2_decorator, task_id=load__1, run_id=scheduled__2024-11-19T13:10:00+00:00, execution_date=20241119T131000, start_date=20241119T155555, end_date=20241119T155557
[2024-11-19T15:55:58.193+0000] {local_task_job_runner.py:240} INFO - Task exited with return code 0
[2024-11-19T15:55:58.566+0000] {taskinstance.py:3498} INFO - 0 downstream tasks scheduled from follow-on schedule check
[2024-11-19T15:55:58.595+0000] {local_task_job_runner.py:222} INFO - ::endgroup::
