[2024-11-17T04:22:34.844+0000] {local_task_job_runner.py:120} INFO - ::group::Pre task execution logs
[2024-11-17T04:22:34.872+0000] {taskinstance.py:2076} INFO - Dependencies all met for dep_context=non-requeueable deps ti=<TaskInstance: stockprices_v2_decorator.load__1 scheduled__2024-11-17T04:10:00+00:00 [queued]>
[2024-11-17T04:22:34.878+0000] {taskinstance.py:2076} INFO - Dependencies all met for dep_context=requeueable deps ti=<TaskInstance: stockprices_v2_decorator.load__1 scheduled__2024-11-17T04:10:00+00:00 [queued]>
[2024-11-17T04:22:34.879+0000] {taskinstance.py:2306} INFO - Starting attempt 1 of 2
[2024-11-17T04:22:34.889+0000] {taskinstance.py:2330} INFO - Executing <Task(_PythonDecoratedOperator): load__1> on 2024-11-17 04:10:00+00:00
[2024-11-17T04:22:34.905+0000] {warnings.py:110} WARNING - /home/***/.local/lib/python3.12/site-packages/***/task/task_runner/standard_task_runner.py:61: DeprecationWarning: This process (pid=2422) is multi-threaded, use of fork() may lead to deadlocks in the child.
  pid = os.fork()

[2024-11-17T04:22:34.908+0000] {standard_task_runner.py:63} INFO - Started process 2425 to run task
[2024-11-17T04:22:34.908+0000] {standard_task_runner.py:90} INFO - Running: ['***', 'tasks', 'run', 'stockprices_v2_decorator', 'load__1', 'scheduled__2024-11-17T04:10:00+00:00', '--job-id', '629', '--raw', '--subdir', 'DAGS_FOLDER/stockprices_v2_decorator(3).py', '--cfg-path', '/tmp/tmpg2rxkv4w']
[2024-11-17T04:22:34.918+0000] {standard_task_runner.py:91} INFO - Job 629: Subtask load__1
[2024-11-17T04:22:34.957+0000] {task_command.py:426} INFO - Running <TaskInstance: stockprices_v2_decorator.load__1 scheduled__2024-11-17T04:10:00+00:00 [running]> on host 3627cdc70e56
[2024-11-17T04:22:35.043+0000] {taskinstance.py:2648} INFO - Exporting env vars: AIRFLOW_CTX_DAG_OWNER='***' AIRFLOW_CTX_DAG_ID='stockprices_v2_decorator' AIRFLOW_CTX_TASK_ID='load__1' AIRFLOW_CTX_EXECUTION_DATE='2024-11-17T04:10:00+00:00' AIRFLOW_CTX_TRY_NUMBER='1' AIRFLOW_CTX_DAG_RUN_ID='scheduled__2024-11-17T04:10:00+00:00'
[2024-11-17T04:22:35.045+0000] {taskinstance.py:430} INFO - ::endgroup::
[2024-11-17T04:22:35.064+0000] {base.py:84} INFO - Using connection ID 'snowflake_conn' for task execution.
[2024-11-17T04:22:35.068+0000] {connection.py:399} INFO - Snowflake Connector for Python Version: 3.10.0, Python Version: 3.12.3, Platform: Linux-5.10.25-linuxkit-aarch64-with-glibc2.36
[2024-11-17T04:22:35.070+0000] {connection.py:1239} INFO - This connection is in OCSP Fail Open Mode. TLS Certificates would be checked for validity and revocation status. Any other Certificate Revocation related exceptions or OCSP Responder failures would be disregarded in favor of connectivity.
[2024-11-17T04:22:36.562+0000] {cursor.py:1149} INFO - Number of results in first chunk: 1
[2024-11-17T04:22:36.567+0000] {logging_mixin.py:188} INFO - Inserting data for 2024-11-15, Symbol=NVDA: Open=144.8700, High=145.2400, Low=140.0800, Close=141.9800, Volume=250132869
[2024-11-17T04:22:37.316+0000] {logging_mixin.py:188} INFO - Data inserted/updated for 2024-11-15 and NVDA.
[2024-11-17T04:22:37.329+0000] {logging_mixin.py:188} INFO - Inserting data for 2024-11-14, Symbol=NVDA: Open=147.6400, High=149.0000, Low=145.5500, Close=146.7600, Volume=194463301
[2024-11-17T04:22:37.991+0000] {logging_mixin.py:188} INFO - Data inserted/updated for 2024-11-14 and NVDA.
[2024-11-17T04:22:37.993+0000] {logging_mixin.py:188} INFO - Inserting data for 2024-11-13, Symbol=NVDA: Open=149.0700, High=149.3300, Low=145.9000, Close=146.2700, Volume=191903267
[2024-11-17T04:22:38.610+0000] {logging_mixin.py:188} INFO - Data inserted/updated for 2024-11-13 and NVDA.
[2024-11-17T04:22:38.611+0000] {logging_mixin.py:188} INFO - Inserting data for 2024-11-12, Symbol=NVDA: Open=146.7800, High=149.6500, Low=146.0100, Close=148.2900, Volume=198634738
[2024-11-17T04:22:39.258+0000] {logging_mixin.py:188} INFO - Data inserted/updated for 2024-11-12 and NVDA.
[2024-11-17T04:22:39.266+0000] {logging_mixin.py:188} INFO - Inserting data for 2024-11-11, Symbol=NVDA: Open=148.6800, High=148.8500, Low=143.5700, Close=145.2600, Volume=182325620
[2024-11-17T04:22:39.851+0000] {logging_mixin.py:188} INFO - Data inserted/updated for 2024-11-11 and NVDA.
[2024-11-17T04:22:39.858+0000] {logging_mixin.py:188} INFO - Inserting data for 2024-11-08, Symbol=NVDA: Open=148.7700, High=149.7700, Low=146.2600, Close=147.6300, Volume=175665830
[2024-11-17T04:22:40.532+0000] {logging_mixin.py:188} INFO - Data inserted/updated for 2024-11-08 and NVDA.
[2024-11-17T04:22:40.546+0000] {logging_mixin.py:188} INFO - Inserting data for 2024-11-07, Symbol=NVDA: Open=146.3900, High=148.9300, Low=146.1700, Close=148.8800, Volume=207323303
[2024-11-17T04:22:41.133+0000] {logging_mixin.py:188} INFO - Data inserted/updated for 2024-11-07 and NVDA.
[2024-11-17T04:22:41.142+0000] {logging_mixin.py:188} INFO - Inserting data for 2024-11-06, Symbol=NVDA: Open=142.9600, High=146.4900, Low=141.9600, Close=145.6100, Volume=242043945
[2024-11-17T04:22:42.225+0000] {logging_mixin.py:188} INFO - Data inserted/updated for 2024-11-06 and NVDA.
[2024-11-17T04:22:42.226+0000] {logging_mixin.py:188} INFO - Inserting data for 2024-11-05, Symbol=NVDA: Open=137.4500, High=140.3701, Low=137.3300, Close=139.9100, Volume=160537373
[2024-11-17T04:22:43.096+0000] {logging_mixin.py:188} INFO - Data inserted/updated for 2024-11-05 and NVDA.
[2024-11-17T04:22:43.102+0000] {logging_mixin.py:188} INFO - Inserting data for 2024-11-04, Symbol=NVDA: Open=137.2100, High=138.9600, Low=135.5700, Close=136.0500, Volume=187528173
[2024-11-17T04:22:43.779+0000] {logging_mixin.py:188} INFO - Data inserted/updated for 2024-11-04 and NVDA.
[2024-11-17T04:22:43.783+0000] {logging_mixin.py:188} INFO - Inserting data for 2024-11-01, Symbol=NVDA: Open=134.7000, High=137.3100, Low=134.5700, Close=135.4000, Volume=207127838
[2024-11-17T04:22:44.581+0000] {logging_mixin.py:188} INFO - Data inserted/updated for 2024-11-01 and NVDA.
[2024-11-17T04:22:44.584+0000] {logging_mixin.py:188} INFO - Inserting data for 2024-10-31, Symbol=NVDA: Open=137.6000, High=137.6100, Low=132.1106, Close=132.7600, Volume=270039641
[2024-11-17T04:22:45.373+0000] {logging_mixin.py:188} INFO - Data inserted/updated for 2024-10-31 and NVDA.
[2024-11-17T04:22:45.378+0000] {logging_mixin.py:188} INFO - Inserting data for 2024-10-30, Symbol=NVDA: Open=139.5400, High=140.3300, Low=136.8100, Close=139.3350, Volume=179418082
[2024-11-17T04:22:46.206+0000] {logging_mixin.py:188} INFO - Data inserted/updated for 2024-10-30 and NVDA.
[2024-11-17T04:22:46.208+0000] {logging_mixin.py:188} INFO - Inserting data for 2024-10-29, Symbol=NVDA: Open=140.2850, High=142.2598, Low=138.9000, Close=141.2500, Volume=157593634
[2024-11-17T04:22:46.937+0000] {logging_mixin.py:188} INFO - Data inserted/updated for 2024-10-29 and NVDA.
[2024-11-17T04:22:46.941+0000] {logging_mixin.py:188} INFO - Inserting data for 2024-10-28, Symbol=NVDA: Open=143.0000, High=143.1400, Low=140.0500, Close=140.5200, Volume=173586745
[2024-11-17T04:22:47.741+0000] {logging_mixin.py:188} INFO - Data inserted/updated for 2024-10-28 and NVDA.
[2024-11-17T04:22:47.748+0000] {logging_mixin.py:188} INFO - Inserting data for 2024-10-25, Symbol=NVDA: Open=140.9300, High=144.1300, Low=140.8000, Close=141.5400, Volume=205122109
[2024-11-17T04:22:48.461+0000] {logging_mixin.py:188} INFO - Data inserted/updated for 2024-10-25 and NVDA.
[2024-11-17T04:22:48.462+0000] {logging_mixin.py:188} INFO - Inserting data for 2024-10-24, Symbol=NVDA: Open=140.8200, High=141.3500, Low=138.4600, Close=140.4100, Volume=172354888
[2024-11-17T04:22:49.225+0000] {logging_mixin.py:188} INFO - Data inserted/updated for 2024-10-24 and NVDA.
[2024-11-17T04:22:49.230+0000] {logging_mixin.py:188} INFO - Inserting data for 2024-10-23, Symbol=NVDA: Open=142.0300, High=142.4300, Low=137.4600, Close=139.5600, Volume=285930038
[2024-11-17T04:22:50.013+0000] {logging_mixin.py:188} INFO - Data inserted/updated for 2024-10-23 and NVDA.
[2024-11-17T04:22:50.018+0000] {logging_mixin.py:188} INFO - Inserting data for 2024-10-22, Symbol=NVDA: Open=142.9100, High=144.4200, Low=141.7800, Close=143.5900, Volume=226311589
[2024-11-17T04:22:50.789+0000] {logging_mixin.py:188} INFO - Data inserted/updated for 2024-10-22 and NVDA.
[2024-11-17T04:22:50.792+0000] {logging_mixin.py:188} INFO - Inserting data for 2024-10-21, Symbol=NVDA: Open=138.1300, High=143.7100, Low=138.0000, Close=143.7100, Volume=264554514
[2024-11-17T04:22:53.498+0000] {logging_mixin.py:188} INFO - Data inserted/updated for 2024-10-21 and NVDA.
[2024-11-17T04:22:53.500+0000] {logging_mixin.py:188} INFO - Inserting data for 2024-10-18, Symbol=NVDA: Open=138.6650, High=138.9000, Low=137.2800, Close=138.0000, Volume=176090184
[2024-11-17T04:22:54.289+0000] {logging_mixin.py:188} INFO - Data inserted/updated for 2024-10-18 and NVDA.
[2024-11-17T04:22:54.295+0000] {logging_mixin.py:188} INFO - Inserting data for 2024-10-17, Symbol=NVDA: Open=139.3400, High=140.8900, Low=136.8700, Close=136.9300, Volume=306435921
[2024-11-17T04:22:55.075+0000] {logging_mixin.py:188} INFO - Data inserted/updated for 2024-10-17 and NVDA.
[2024-11-17T04:22:55.076+0000] {logging_mixin.py:188} INFO - Inserting data for 2024-10-16, Symbol=NVDA: Open=133.9800, High=136.6200, Low=131.5800, Close=135.7200, Volume=264879720
[2024-11-17T04:22:55.894+0000] {logging_mixin.py:188} INFO - Data inserted/updated for 2024-10-16 and NVDA.
[2024-11-17T04:22:55.896+0000] {logging_mixin.py:188} INFO - Inserting data for 2024-10-15, Symbol=NVDA: Open=137.8700, High=138.5700, Low=128.7400, Close=131.6000, Volume=377831021
[2024-11-17T04:22:56.621+0000] {logging_mixin.py:188} INFO - Data inserted/updated for 2024-10-15 and NVDA.
[2024-11-17T04:22:56.624+0000] {logging_mixin.py:188} INFO - Inserting data for 2024-10-14, Symbol=NVDA: Open=136.4700, High=139.6000, Low=136.3000, Close=138.0700, Volume=232347668
[2024-11-17T04:22:57.433+0000] {logging_mixin.py:188} INFO - Data inserted/updated for 2024-10-14 and NVDA.
[2024-11-17T04:22:57.435+0000] {logging_mixin.py:188} INFO - Inserting data for 2024-10-11, Symbol=NVDA: Open=134.0100, High=135.7800, Low=133.6600, Close=134.8000, Volume=170209474
[2024-11-17T04:22:58.292+0000] {logging_mixin.py:188} INFO - Data inserted/updated for 2024-10-11 and NVDA.
[2024-11-17T04:22:58.295+0000] {logging_mixin.py:188} INFO - Inserting data for 2024-10-10, Symbol=NVDA: Open=131.9100, High=135.0000, Low=131.0000, Close=134.8100, Volume=242311337
[2024-11-17T04:22:59.038+0000] {logging_mixin.py:188} INFO - Data inserted/updated for 2024-10-10 and NVDA.
[2024-11-17T04:22:59.040+0000] {logging_mixin.py:188} INFO - Inserting data for 2024-10-09, Symbol=NVDA: Open=134.1100, High=134.5200, Low=131.3800, Close=132.6500, Volume=246191612
[2024-11-17T04:22:59.855+0000] {logging_mixin.py:188} INFO - Data inserted/updated for 2024-10-09 and NVDA.
[2024-11-17T04:22:59.861+0000] {logging_mixin.py:188} INFO - Inserting data for 2024-10-08, Symbol=NVDA: Open=130.2600, High=133.4800, Low=129.4200, Close=132.8900, Volume=285722485
[2024-11-17T04:23:00.630+0000] {logging_mixin.py:188} INFO - Data inserted/updated for 2024-10-08 and NVDA.
[2024-11-17T04:23:00.633+0000] {logging_mixin.py:188} INFO - Inserting data for 2024-10-07, Symbol=NVDA: Open=124.9900, High=130.6400, Low=124.9500, Close=127.7200, Volume=346250233
[2024-11-17T04:23:01.371+0000] {logging_mixin.py:188} INFO - Data inserted/updated for 2024-10-07 and NVDA.
[2024-11-17T04:23:01.373+0000] {logging_mixin.py:188} INFO - Inserting data for 2024-10-04, Symbol=NVDA: Open=124.9400, High=125.0400, Low=121.8300, Close=124.9200, Volume=244465552
[2024-11-17T04:23:02.159+0000] {logging_mixin.py:188} INFO - Data inserted/updated for 2024-10-04 and NVDA.
[2024-11-17T04:23:02.163+0000] {logging_mixin.py:188} INFO - Inserting data for 2024-10-03, Symbol=NVDA: Open=120.9200, High=124.3600, Low=120.3401, Close=122.8500, Volume=277117973
[2024-11-17T04:23:02.913+0000] {logging_mixin.py:188} INFO - Data inserted/updated for 2024-10-03 and NVDA.
[2024-11-17T04:23:02.918+0000] {logging_mixin.py:188} INFO - Inserting data for 2024-10-02, Symbol=NVDA: Open=116.4400, High=119.3800, Low=115.1400, Close=118.8500, Volume=221845887
[2024-11-17T04:23:03.704+0000] {logging_mixin.py:188} INFO - Data inserted/updated for 2024-10-02 and NVDA.
[2024-11-17T04:23:03.708+0000] {logging_mixin.py:188} INFO - Inserting data for 2024-10-01, Symbol=NVDA: Open=121.7650, High=122.4351, Low=115.7900, Close=117.0000, Volume=302094485
[2024-11-17T04:23:04.476+0000] {logging_mixin.py:188} INFO - Data inserted/updated for 2024-10-01 and NVDA.
[2024-11-17T04:23:04.481+0000] {logging_mixin.py:188} INFO - Inserting data for 2024-09-30, Symbol=NVDA: Open=118.3100, High=121.5000, Low=118.1500, Close=121.4400, Volume=227053651
[2024-11-17T04:23:05.247+0000] {logging_mixin.py:188} INFO - Data inserted/updated for 2024-09-30 and NVDA.
[2024-11-17T04:23:05.255+0000] {logging_mixin.py:188} INFO - Inserting data for 2024-09-27, Symbol=NVDA: Open=123.9700, High=124.0300, Low=119.2600, Close=121.4000, Volume=271009175
[2024-11-17T04:23:05.986+0000] {logging_mixin.py:188} INFO - Data inserted/updated for 2024-09-27 and NVDA.
[2024-11-17T04:23:05.990+0000] {logging_mixin.py:188} INFO - Inserting data for 2024-09-26, Symbol=NVDA: Open=126.8000, High=127.6650, Low=121.8000, Close=124.0400, Volume=302582868
[2024-11-17T04:23:06.873+0000] {logging_mixin.py:188} INFO - Data inserted/updated for 2024-09-26 and NVDA.
[2024-11-17T04:23:06.879+0000] {logging_mixin.py:188} INFO - Inserting data for 2024-09-25, Symbol=NVDA: Open=122.0200, High=124.9400, Low=121.6100, Close=123.5100, Volume=284692948
[2024-11-17T04:23:07.572+0000] {logging_mixin.py:188} INFO - Data inserted/updated for 2024-09-25 and NVDA.
[2024-11-17T04:23:07.573+0000] {logging_mixin.py:188} INFO - Inserting data for 2024-09-24, Symbol=NVDA: Open=116.5150, High=121.8000, Low=115.3800, Close=120.8700, Volume=354966772
[2024-11-17T04:23:08.398+0000] {logging_mixin.py:188} INFO - Data inserted/updated for 2024-09-24 and NVDA.
[2024-11-17T04:23:08.406+0000] {logging_mixin.py:188} INFO - Inserting data for 2024-09-23, Symbol=NVDA: Open=116.5500, High=116.9900, Low=114.8600, Close=116.2600, Volume=206228490
[2024-11-17T04:23:09.325+0000] {logging_mixin.py:188} INFO - Data inserted/updated for 2024-09-23 and NVDA.
[2024-11-17T04:23:09.331+0000] {logging_mixin.py:188} INFO - Inserting data for 2024-09-20, Symbol=NVDA: Open=117.0600, High=118.6181, Low=115.3901, Close=116.0000, Volume=382462428
[2024-11-17T04:23:12.015+0000] {logging_mixin.py:188} INFO - Data inserted/updated for 2024-09-20 and NVDA.
[2024-11-17T04:23:12.023+0000] {logging_mixin.py:188} INFO - Inserting data for 2024-09-19, Symbol=NVDA: Open=117.3500, High=119.6600, Low=117.2500, Close=117.8700, Volume=293506438
[2024-11-17T04:23:12.801+0000] {logging_mixin.py:188} INFO - Data inserted/updated for 2024-09-19 and NVDA.
[2024-11-17T04:23:12.802+0000] {logging_mixin.py:188} INFO - Inserting data for 2024-09-18, Symbol=NVDA: Open=115.8900, High=117.7000, Low=113.2200, Close=113.3700, Volume=310318937
[2024-11-17T04:23:15.719+0000] {logging_mixin.py:188} INFO - Data inserted/updated for 2024-09-18 and NVDA.
[2024-11-17T04:23:15.723+0000] {logging_mixin.py:188} INFO - Inserting data for 2024-09-17, Symbol=NVDA: Open=118.1700, High=118.8000, Low=114.8300, Close=115.5900, Volume=231925876
[2024-11-17T04:23:16.449+0000] {logging_mixin.py:188} INFO - Data inserted/updated for 2024-09-17 and NVDA.
[2024-11-17T04:23:16.458+0000] {logging_mixin.py:188} INFO - Inserting data for 2024-09-16, Symbol=NVDA: Open=116.7900, High=118.1800, Low=114.3600, Close=116.7800, Volume=248772308
[2024-11-17T04:23:17.227+0000] {logging_mixin.py:188} INFO - Data inserted/updated for 2024-09-16 and NVDA.
[2024-11-17T04:23:17.233+0000] {logging_mixin.py:188} INFO - Inserting data for 2024-09-13, Symbol=NVDA: Open=119.0800, High=119.9550, Low=117.6000, Close=119.1000, Volume=238358328
[2024-11-17T04:23:17.961+0000] {logging_mixin.py:188} INFO - Data inserted/updated for 2024-09-13 and NVDA.
[2024-11-17T04:23:17.969+0000] {logging_mixin.py:188} INFO - Inserting data for 2024-09-12, Symbol=NVDA: Open=116.8400, High=120.7900, Low=115.3800, Close=119.1400, Volume=367100496
[2024-11-17T04:23:18.719+0000] {logging_mixin.py:188} INFO - Data inserted/updated for 2024-09-12 and NVDA.
[2024-11-17T04:23:18.724+0000] {logging_mixin.py:188} INFO - Inserting data for 2024-09-11, Symbol=NVDA: Open=109.3900, High=117.1900, Low=107.4200, Close=116.9100, Volume=441422370
[2024-11-17T04:23:19.561+0000] {logging_mixin.py:188} INFO - Data inserted/updated for 2024-09-11 and NVDA.
[2024-11-17T04:23:19.564+0000] {logging_mixin.py:188} INFO - Inserting data for 2024-09-10, Symbol=NVDA: Open=107.8100, High=109.4000, Low=104.9500, Close=108.1000, Volume=268283736
[2024-11-17T04:23:20.235+0000] {logging_mixin.py:188} INFO - Data inserted/updated for 2024-09-10 and NVDA.
[2024-11-17T04:23:20.240+0000] {logging_mixin.py:188} INFO - Inserting data for 2024-09-09, Symbol=NVDA: Open=104.8800, High=106.5500, Low=103.6900, Close=106.4700, Volume=273912015
[2024-11-17T04:23:21.014+0000] {logging_mixin.py:188} INFO - Data inserted/updated for 2024-09-09 and NVDA.
[2024-11-17T04:23:21.015+0000] {logging_mixin.py:188} INFO - Inserting data for 2024-09-06, Symbol=NVDA: Open=108.0400, High=108.1500, Low=100.9500, Close=102.8300, Volume=413638098
[2024-11-17T04:23:21.917+0000] {logging_mixin.py:188} INFO - Data inserted/updated for 2024-09-06 and NVDA.
[2024-11-17T04:23:21.919+0000] {logging_mixin.py:188} INFO - Inserting data for 2024-09-05, Symbol=NVDA: Open=104.9850, High=109.6500, Low=104.7600, Close=107.2100, Volume=306850696
[2024-11-17T04:23:22.735+0000] {logging_mixin.py:188} INFO - Data inserted/updated for 2024-09-05 and NVDA.
[2024-11-17T04:23:22.737+0000] {logging_mixin.py:188} INFO - Inserting data for 2024-09-04, Symbol=NVDA: Open=105.4100, High=113.2700, Low=104.1200, Close=106.2100, Volume=368378810
[2024-11-17T04:23:25.421+0000] {logging_mixin.py:188} INFO - Data inserted/updated for 2024-09-04 and NVDA.
[2024-11-17T04:23:25.423+0000] {logging_mixin.py:188} INFO - Inserting data for 2024-09-03, Symbol=NVDA: Open=116.0100, High=116.2100, Low=107.2900, Close=108.0000, Volume=477155100
[2024-11-17T04:23:26.141+0000] {logging_mixin.py:188} INFO - Data inserted/updated for 2024-09-03 and NVDA.
[2024-11-17T04:23:26.142+0000] {logging_mixin.py:188} INFO - Inserting data for 2024-08-30, Symbol=NVDA: Open=119.5300, High=121.7500, Low=117.2200, Close=119.3700, Volume=333751583
[2024-11-17T04:23:26.843+0000] {logging_mixin.py:188} INFO - Data inserted/updated for 2024-08-30 and NVDA.
[2024-11-17T04:23:26.845+0000] {logging_mixin.py:188} INFO - Inserting data for 2024-08-29, Symbol=NVDA: Open=121.3550, High=124.4300, Low=116.7100, Close=117.5900, Volume=453023305
[2024-11-17T04:23:27.584+0000] {logging_mixin.py:188} INFO - Data inserted/updated for 2024-08-29 and NVDA.
[2024-11-17T04:23:27.586+0000] {logging_mixin.py:188} INFO - Inserting data for 2024-08-28, Symbol=NVDA: Open=128.1200, High=128.3300, Low=122.6400, Close=125.6100, Volume=448101115
[2024-11-17T04:23:30.462+0000] {logging_mixin.py:188} INFO - Data inserted/updated for 2024-08-28 and NVDA.
[2024-11-17T04:23:30.470+0000] {logging_mixin.py:188} INFO - Inserting data for 2024-08-27, Symbol=NVDA: Open=125.0500, High=129.2000, Low=123.8800, Close=128.3000, Volume=303134573
[2024-11-17T04:23:31.308+0000] {logging_mixin.py:188} INFO - Data inserted/updated for 2024-08-27 and NVDA.
[2024-11-17T04:23:31.309+0000] {logging_mixin.py:188} INFO - Inserting data for 2024-08-26, Symbol=NVDA: Open=129.5700, High=131.2600, Low=124.3700, Close=126.4600, Volume=331964672
[2024-11-17T04:23:32.098+0000] {logging_mixin.py:188} INFO - Data inserted/updated for 2024-08-26 and NVDA.
[2024-11-17T04:23:32.100+0000] {logging_mixin.py:188} INFO - Inserting data for 2024-08-23, Symbol=NVDA: Open=125.8600, High=129.6000, Low=125.2200, Close=129.3700, Volume=323230332
[2024-11-17T04:23:32.882+0000] {logging_mixin.py:188} INFO - Data inserted/updated for 2024-08-23 and NVDA.
[2024-11-17T04:23:32.884+0000] {logging_mixin.py:188} INFO - Inserting data for 2024-08-22, Symbol=NVDA: Open=130.0200, High=130.7500, Low=123.1000, Close=123.7400, Volume=376189076
[2024-11-17T04:23:33.596+0000] {logging_mixin.py:188} INFO - Data inserted/updated for 2024-08-22 and NVDA.
[2024-11-17T04:23:33.601+0000] {logging_mixin.py:188} INFO - Inserting data for 2024-08-21, Symbol=NVDA: Open=127.3150, High=129.3500, Low=126.6600, Close=128.5000, Volume=257883572
[2024-11-17T04:23:34.359+0000] {logging_mixin.py:188} INFO - Data inserted/updated for 2024-08-21 and NVDA.
[2024-11-17T04:23:34.364+0000] {logging_mixin.py:188} INFO - Inserting data for 2024-08-20, Symbol=NVDA: Open=128.4000, High=129.8800, Low=125.8900, Close=127.2500, Volume=300087415
[2024-11-17T04:23:35.053+0000] {logging_mixin.py:188} INFO - Data inserted/updated for 2024-08-20 and NVDA.
[2024-11-17T04:23:35.064+0000] {python.py:237} INFO - Done. Returned value was: None
[2024-11-17T04:23:35.067+0000] {taskinstance.py:441} INFO - ::group::Post task execution logs
[2024-11-17T04:23:35.110+0000] {taskinstance.py:1206} INFO - Marking task as SUCCESS. dag_id=stockprices_v2_decorator, task_id=load__1, run_id=scheduled__2024-11-17T04:10:00+00:00, execution_date=20241117T041000, start_date=20241117T042234, end_date=20241117T042335
[2024-11-17T04:23:35.278+0000] {local_task_job_runner.py:240} INFO - Task exited with return code 0
[2024-11-17T04:23:35.311+0000] {taskinstance.py:3498} INFO - 0 downstream tasks scheduled from follow-on schedule check
[2024-11-17T04:23:35.313+0000] {local_task_job_runner.py:222} INFO - ::endgroup::
