[2024-11-19T01:40:07.971+0000] {local_task_job_runner.py:120} INFO - ::group::Pre task execution logs
[2024-11-19T01:40:08.014+0000] {taskinstance.py:2076} INFO - Dependencies all met for dep_context=non-requeueable deps ti=<TaskInstance: stockprices_v2_decorator.transform scheduled__2024-11-19T01:30:00+00:00 [queued]>
[2024-11-19T01:40:08.028+0000] {taskinstance.py:2076} INFO - Dependencies all met for dep_context=requeueable deps ti=<TaskInstance: stockprices_v2_decorator.transform scheduled__2024-11-19T01:30:00+00:00 [queued]>
[2024-11-19T01:40:08.030+0000] {taskinstance.py:2306} INFO - Starting attempt 1 of 2
[2024-11-19T01:40:08.047+0000] {taskinstance.py:2330} INFO - Executing <Task(_PythonDecoratedOperator): transform> on 2024-11-19 01:30:00+00:00
[2024-11-19T01:40:08.061+0000] {warnings.py:110} WARNING - /home/***/.local/lib/python3.12/site-packages/***/task/task_runner/standard_task_runner.py:61: DeprecationWarning: This process (pid=5664) is multi-threaded, use of fork() may lead to deadlocks in the child.
  pid = os.fork()

[2024-11-19T01:40:08.065+0000] {standard_task_runner.py:63} INFO - Started process 5667 to run task
[2024-11-19T01:40:08.072+0000] {standard_task_runner.py:90} INFO - Running: ['***', 'tasks', 'run', 'stockprices_v2_decorator', 'transform', 'scheduled__2024-11-19T01:30:00+00:00', '--job-id', '1839', '--raw', '--subdir', 'DAGS_FOLDER/stockprices_v2_decorator(3).py', '--cfg-path', '/tmp/tmp1cbulx26']
[2024-11-19T01:40:08.078+0000] {standard_task_runner.py:91} INFO - Job 1839: Subtask transform
[2024-11-19T01:40:08.148+0000] {task_command.py:426} INFO - Running <TaskInstance: stockprices_v2_decorator.transform scheduled__2024-11-19T01:30:00+00:00 [running]> on host 3627cdc70e56
[2024-11-19T01:40:08.302+0000] {taskinstance.py:2648} INFO - Exporting env vars: AIRFLOW_CTX_DAG_OWNER='***' AIRFLOW_CTX_DAG_ID='stockprices_v2_decorator' AIRFLOW_CTX_TASK_ID='transform' AIRFLOW_CTX_EXECUTION_DATE='2024-11-19T01:30:00+00:00' AIRFLOW_CTX_TRY_NUMBER='1' AIRFLOW_CTX_DAG_RUN_ID='scheduled__2024-11-19T01:30:00+00:00'
[2024-11-19T01:40:08.308+0000] {taskinstance.py:430} INFO - ::endgroup::
[2024-11-19T01:40:08.311+0000] {logging_mixin.py:188} INFO - Processed Data: []
[2024-11-19T01:40:08.312+0000] {python.py:237} INFO - Done. Returned value was: []
[2024-11-19T01:40:08.313+0000] {taskinstance.py:441} INFO - ::group::Post task execution logs
[2024-11-19T01:40:08.342+0000] {taskinstance.py:1206} INFO - Marking task as SUCCESS. dag_id=stockprices_v2_decorator, task_id=transform, run_id=scheduled__2024-11-19T01:30:00+00:00, execution_date=20241119T013000, start_date=20241119T014008, end_date=20241119T014008
[2024-11-19T01:40:08.403+0000] {local_task_job_runner.py:240} INFO - Task exited with return code 0
[2024-11-19T01:40:08.435+0000] {taskinstance.py:3498} INFO - 1 downstream tasks scheduled from follow-on schedule check
[2024-11-19T01:40:08.438+0000] {local_task_job_runner.py:222} INFO - ::endgroup::
