[2024-11-13T19:15:32.263+0000] {local_task_job_runner.py:120} INFO - ::group::Pre task execution logs
[2024-11-13T19:15:32.289+0000] {taskinstance.py:2076} INFO - Dependencies all met for dep_context=non-requeueable deps ti=<TaskInstance: BuildELT_dbt.dbt_run manual__2024-11-13T19:15:20.627619+00:00 [queued]>
[2024-11-13T19:15:32.296+0000] {taskinstance.py:2076} INFO - Dependencies all met for dep_context=requeueable deps ti=<TaskInstance: BuildELT_dbt.dbt_run manual__2024-11-13T19:15:20.627619+00:00 [queued]>
[2024-11-13T19:15:32.297+0000] {taskinstance.py:2306} INFO - Starting attempt 1 of 1
[2024-11-13T19:15:32.306+0000] {taskinstance.py:2330} INFO - Executing <Task(BashOperator): dbt_run> on 2024-11-13 19:15:20.627619+00:00
[2024-11-13T19:15:32.319+0000] {warnings.py:110} WARNING - /home/***/.local/lib/python3.12/site-packages/***/task/task_runner/standard_task_runner.py:61: DeprecationWarning: This process (pid=1509) is multi-threaded, use of fork() may lead to deadlocks in the child.
  pid = os.fork()

[2024-11-13T19:15:32.321+0000] {standard_task_runner.py:63} INFO - Started process 1511 to run task
[2024-11-13T19:15:32.321+0000] {standard_task_runner.py:90} INFO - Running: ['***', 'tasks', 'run', 'BuildELT_dbt', 'dbt_run', 'manual__2024-11-13T19:15:20.627619+00:00', '--job-id', '21', '--raw', '--subdir', 'DAGS_FOLDER/build_elt_with_dbt.py', '--cfg-path', '/tmp/tmpq2ikfthp']
[2024-11-13T19:15:32.324+0000] {standard_task_runner.py:91} INFO - Job 21: Subtask dbt_run
[2024-11-13T19:15:32.357+0000] {task_command.py:426} INFO - Running <TaskInstance: BuildELT_dbt.dbt_run manual__2024-11-13T19:15:20.627619+00:00 [running]> on host 3627cdc70e56
[2024-11-13T19:15:32.440+0000] {taskinstance.py:2648} INFO - Exporting env vars: AIRFLOW_CTX_DAG_OWNER='***' AIRFLOW_CTX_DAG_ID='BuildELT_dbt' AIRFLOW_CTX_TASK_ID='dbt_run' AIRFLOW_CTX_EXECUTION_DATE='2024-11-13T19:15:20.627619+00:00' AIRFLOW_CTX_TRY_NUMBER='1' AIRFLOW_CTX_DAG_RUN_ID='manual__2024-11-13T19:15:20.627619+00:00'
[2024-11-13T19:15:32.453+0000] {taskinstance.py:430} INFO - ::endgroup::
[2024-11-13T19:15:32.468+0000] {subprocess.py:63} INFO - Tmp dir root location: /tmp
[2024-11-13T19:15:32.470+0000] {subprocess.py:75} INFO - Running command: ['/usr/bin/bash', '-c', '/home/***/.local/bin/dbt run --profiles-dir /opt/***/build_dbt --project-dir /opt/***/build_dbt']
[2024-11-13T19:15:32.491+0000] {subprocess.py:86} INFO - Output:
[2024-11-13T19:15:36.725+0000] {subprocess.py:93} INFO - [0m19:15:36  Running with dbt=1.8.7
[2024-11-13T19:15:39.113+0000] {subprocess.py:93} INFO - [0m19:15:39  Registered adapter: snowflake=1.8.4
[2024-11-13T19:15:39.954+0000] {subprocess.py:93} INFO - [0m19:15:39  [[33mWARNING[0m]: Configuration paths exist in your dbt_project.yml file which do not apply to any resources.
[2024-11-13T19:15:39.983+0000] {subprocess.py:93} INFO - There are 1 unused configuration paths:
[2024-11-13T19:15:39.996+0000] {subprocess.py:93} INFO - - models.build_dbt.example
[2024-11-13T19:15:40.577+0000] {subprocess.py:93} INFO - [0m19:15:40  Found 5 models, 2 sources, 459 macros
[2024-11-13T19:15:40.590+0000] {subprocess.py:93} INFO - [0m19:15:40
[2024-11-13T19:15:45.360+0000] {subprocess.py:93} INFO - [0m19:15:45  Concurrency: 1 threads (target='dev')
[2024-11-13T19:15:45.373+0000] {subprocess.py:93} INFO - [0m19:15:45
[2024-11-13T19:15:45.399+0000] {subprocess.py:93} INFO - [0m19:15:45  1 of 5 START sql view model analytics.population_data .......................... [RUN]
[2024-11-13T19:15:47.229+0000] {subprocess.py:93} INFO - [0m19:15:47  1 of 5 OK created sql view model analytics.population_data ..................... [[32mSUCCESS 1[0m in 1.81s]
[2024-11-13T19:15:47.237+0000] {subprocess.py:93} INFO - [0m19:15:47  2 of 5 START sql table model analytics.population_growth_rate .................. [RUN]
[2024-11-13T19:15:49.746+0000] {subprocess.py:93} INFO - [0m19:15:49  2 of 5 OK created sql table model analytics.population_growth_rate ............. [[32mSUCCESS 1[0m in 2.49s]
[2024-11-13T19:15:49.760+0000] {subprocess.py:93} INFO - [0m19:15:49  3 of 5 START sql table model analytics.population_moving_avg ................... [RUN]
[2024-11-13T19:15:52.157+0000] {subprocess.py:93} INFO - [0m19:15:52  3 of 5 OK created sql table model analytics.population_moving_avg .............. [[32mSUCCESS 1[0m in 2.39s]
[2024-11-13T19:15:52.162+0000] {subprocess.py:93} INFO - [0m19:15:52  4 of 5 START sql table model analytics.population_summary ...................... [RUN]
[2024-11-13T19:15:54.552+0000] {subprocess.py:93} INFO - [0m19:15:54  4 of 5 OK created sql table model analytics.population_summary ................. [[32mSUCCESS 1[0m in 2.38s]
[2024-11-13T19:15:54.563+0000] {subprocess.py:93} INFO - [0m19:15:54  5 of 5 START sql table model analytics.yoy_change_avg_population ............... [RUN]
[2024-11-13T19:15:56.665+0000] {subprocess.py:93} INFO - [0m19:15:56  5 of 5 OK created sql table model analytics.yoy_change_avg_population .......... [[32mSUCCESS 1[0m in 2.09s]
[2024-11-13T19:15:56.700+0000] {subprocess.py:93} INFO - [0m19:15:56
[2024-11-13T19:15:56.704+0000] {subprocess.py:93} INFO - [0m19:15:56  Finished running 1 view model, 4 table models in 0 hours 0 minutes and 16.10 seconds (16.10s).
[2024-11-13T19:15:56.849+0000] {subprocess.py:93} INFO - [0m19:15:56
[2024-11-13T19:15:56.852+0000] {subprocess.py:93} INFO - [0m19:15:56  [32mCompleted successfully[0m
[2024-11-13T19:15:56.860+0000] {subprocess.py:93} INFO - [0m19:15:56
[2024-11-13T19:15:56.861+0000] {subprocess.py:93} INFO - [0m19:15:56  Done. PASS=5 WARN=0 ERROR=0 SKIP=0 TOTAL=5
[2024-11-13T19:15:58.779+0000] {subprocess.py:97} INFO - Command exited with return code 0
[2024-11-13T19:15:58.818+0000] {taskinstance.py:441} INFO - ::group::Post task execution logs
[2024-11-13T19:15:58.983+0000] {taskinstance.py:1206} INFO - Marking task as SUCCESS. dag_id=BuildELT_dbt, task_id=dbt_run, run_id=manual__2024-11-13T19:15:20.627619+00:00, execution_date=20241113T191520, start_date=20241113T191532, end_date=20241113T191558
[2024-11-13T19:15:59.119+0000] {local_task_job_runner.py:240} INFO - Task exited with return code 0
[2024-11-13T19:15:59.315+0000] {taskinstance.py:3498} INFO - 1 downstream tasks scheduled from follow-on schedule check
[2024-11-13T19:15:59.336+0000] {local_task_job_runner.py:222} INFO - ::endgroup::
