[2024-11-17T09:00:24.218+0000] {local_task_job_runner.py:120} INFO - ::group::Pre task execution logs
[2024-11-17T09:00:24.233+0000] {taskinstance.py:2076} INFO - Dependencies all met for dep_context=non-requeueable deps ti=<TaskInstance: stockprices_v2_decorator.load scheduled__2024-11-17T08:50:00+00:00 [queued]>
[2024-11-17T09:00:24.239+0000] {taskinstance.py:2076} INFO - Dependencies all met for dep_context=requeueable deps ti=<TaskInstance: stockprices_v2_decorator.load scheduled__2024-11-17T08:50:00+00:00 [queued]>
[2024-11-17T09:00:24.240+0000] {taskinstance.py:2306} INFO - Starting attempt 1 of 2
[2024-11-17T09:00:24.249+0000] {taskinstance.py:2330} INFO - Executing <Task(_PythonDecoratedOperator): load> on 2024-11-17 08:50:00+00:00
[2024-11-17T09:00:24.261+0000] {warnings.py:110} WARNING - /home/***/.local/lib/python3.12/site-packages/***/task/task_runner/standard_task_runner.py:61: DeprecationWarning: This process (pid=5967) is multi-threaded, use of fork() may lead to deadlocks in the child.
  pid = os.fork()

[2024-11-17T09:00:24.263+0000] {standard_task_runner.py:90} INFO - Running: ['***', 'tasks', 'run', 'stockprices_v2_decorator', 'load', 'scheduled__2024-11-17T08:50:00+00:00', '--job-id', '855', '--raw', '--subdir', 'DAGS_FOLDER/stockprices_v2_decorator(3).py', '--cfg-path', '/tmp/tmp1vmkmq8x']
[2024-11-17T09:00:24.265+0000] {standard_task_runner.py:63} INFO - Started process 5972 to run task
[2024-11-17T09:00:24.266+0000] {standard_task_runner.py:91} INFO - Job 855: Subtask load
[2024-11-17T09:00:24.303+0000] {task_command.py:426} INFO - Running <TaskInstance: stockprices_v2_decorator.load scheduled__2024-11-17T08:50:00+00:00 [running]> on host 3627cdc70e56
[2024-11-17T09:00:24.378+0000] {taskinstance.py:2648} INFO - Exporting env vars: AIRFLOW_CTX_DAG_OWNER='***' AIRFLOW_CTX_DAG_ID='stockprices_v2_decorator' AIRFLOW_CTX_TASK_ID='load' AIRFLOW_CTX_EXECUTION_DATE='2024-11-17T08:50:00+00:00' AIRFLOW_CTX_TRY_NUMBER='1' AIRFLOW_CTX_DAG_RUN_ID='scheduled__2024-11-17T08:50:00+00:00'
[2024-11-17T09:00:24.382+0000] {taskinstance.py:430} INFO - ::endgroup::
[2024-11-17T09:00:24.384+0000] {logging_mixin.py:188} INFO - No records to load.
[2024-11-17T09:00:24.385+0000] {python.py:237} INFO - Done. Returned value was: None
[2024-11-17T09:00:24.386+0000] {taskinstance.py:441} INFO - ::group::Post task execution logs
[2024-11-17T09:00:24.396+0000] {taskinstance.py:1206} INFO - Marking task as SUCCESS. dag_id=stockprices_v2_decorator, task_id=load, run_id=scheduled__2024-11-17T08:50:00+00:00, execution_date=20241117T085000, start_date=20241117T090024, end_date=20241117T090024
[2024-11-17T09:00:24.440+0000] {local_task_job_runner.py:240} INFO - Task exited with return code 0
[2024-11-17T09:00:24.455+0000] {taskinstance.py:3498} INFO - 0 downstream tasks scheduled from follow-on schedule check
[2024-11-17T09:00:24.458+0000] {local_task_job_runner.py:222} INFO - ::endgroup::
