[2024-11-18T19:00:05.913+0000] {local_task_job_runner.py:120} INFO - ::group::Pre task execution logs
[2024-11-18T19:00:05.928+0000] {taskinstance.py:2076} INFO - Dependencies all met for dep_context=non-requeueable deps ti=<TaskInstance: stockprices_v2_decorator.transform scheduled__2024-11-18T18:50:00+00:00 [queued]>
[2024-11-18T19:00:05.933+0000] {taskinstance.py:2076} INFO - Dependencies all met for dep_context=requeueable deps ti=<TaskInstance: stockprices_v2_decorator.transform scheduled__2024-11-18T18:50:00+00:00 [queued]>
[2024-11-18T19:00:05.934+0000] {taskinstance.py:2306} INFO - Starting attempt 1 of 2
[2024-11-18T19:00:05.943+0000] {taskinstance.py:2330} INFO - Executing <Task(_PythonDecoratedOperator): transform> on 2024-11-18 18:50:00+00:00
[2024-11-18T19:00:05.950+0000] {warnings.py:110} WARNING - /home/***/.local/lib/python3.12/site-packages/***/task/task_runner/standard_task_runner.py:61: DeprecationWarning: This process (pid=350) is multi-threaded, use of fork() may lead to deadlocks in the child.
  pid = os.fork()

[2024-11-18T19:00:05.953+0000] {standard_task_runner.py:63} INFO - Started process 355 to run task
[2024-11-18T19:00:05.954+0000] {standard_task_runner.py:90} INFO - Running: ['***', 'tasks', 'run', 'stockprices_v2_decorator', 'transform', 'scheduled__2024-11-18T18:50:00+00:00', '--job-id', '1527', '--raw', '--subdir', 'DAGS_FOLDER/stockprices_v2_decorator(3).py', '--cfg-path', '/tmp/tmpr5a40h9w']
[2024-11-18T19:00:05.957+0000] {standard_task_runner.py:91} INFO - Job 1527: Subtask transform
[2024-11-18T19:00:06.000+0000] {task_command.py:426} INFO - Running <TaskInstance: stockprices_v2_decorator.transform scheduled__2024-11-18T18:50:00+00:00 [running]> on host 3627cdc70e56
[2024-11-18T19:00:06.068+0000] {taskinstance.py:2648} INFO - Exporting env vars: AIRFLOW_CTX_DAG_OWNER='***' AIRFLOW_CTX_DAG_ID='stockprices_v2_decorator' AIRFLOW_CTX_TASK_ID='transform' AIRFLOW_CTX_EXECUTION_DATE='2024-11-18T18:50:00+00:00' AIRFLOW_CTX_TRY_NUMBER='1' AIRFLOW_CTX_DAG_RUN_ID='scheduled__2024-11-18T18:50:00+00:00'
[2024-11-18T19:00:06.070+0000] {taskinstance.py:430} INFO - ::endgroup::
[2024-11-18T19:00:06.071+0000] {logging_mixin.py:188} INFO - Processed Data: []
[2024-11-18T19:00:06.071+0000] {python.py:237} INFO - Done. Returned value was: []
[2024-11-18T19:00:06.072+0000] {taskinstance.py:441} INFO - ::group::Post task execution logs
[2024-11-18T19:00:06.086+0000] {taskinstance.py:1206} INFO - Marking task as SUCCESS. dag_id=stockprices_v2_decorator, task_id=transform, run_id=scheduled__2024-11-18T18:50:00+00:00, execution_date=20241118T185000, start_date=20241118T190005, end_date=20241118T190006
[2024-11-18T19:00:06.130+0000] {local_task_job_runner.py:240} INFO - Task exited with return code 0
[2024-11-18T19:00:06.142+0000] {taskinstance.py:3498} INFO - 1 downstream tasks scheduled from follow-on schedule check
[2024-11-18T19:00:06.144+0000] {local_task_job_runner.py:222} INFO - ::endgroup::
