[2024-11-13T02:00:29.102+0000] {local_task_job_runner.py:120} INFO - ::group::Pre task execution logs
[2024-11-13T02:00:29.122+0000] {taskinstance.py:2076} INFO - Dependencies all met for dep_context=non-requeueable deps ti=<TaskInstance: BuildELT_dbt.dbt_snapshot manual__2024-11-13T01:59:58.978135+00:00 [queued]>
[2024-11-13T02:00:29.129+0000] {taskinstance.py:2076} INFO - Dependencies all met for dep_context=requeueable deps ti=<TaskInstance: BuildELT_dbt.dbt_snapshot manual__2024-11-13T01:59:58.978135+00:00 [queued]>
[2024-11-13T02:00:29.130+0000] {taskinstance.py:2306} INFO - Starting attempt 1 of 1
[2024-11-13T02:00:29.140+0000] {taskinstance.py:2330} INFO - Executing <Task(BashOperator): dbt_snapshot> on 2024-11-13 01:59:58.978135+00:00
[2024-11-13T02:00:29.148+0000] {warnings.py:110} WARNING - /home/***/.local/lib/python3.12/site-packages/***/task/task_runner/standard_task_runner.py:61: DeprecationWarning: This process (pid=237) is multi-threaded, use of fork() may lead to deadlocks in the child.
  pid = os.fork()

[2024-11-13T02:00:29.151+0000] {standard_task_runner.py:63} INFO - Started process 239 to run task
[2024-11-13T02:00:29.151+0000] {standard_task_runner.py:90} INFO - Running: ['***', 'tasks', 'run', 'BuildELT_dbt', 'dbt_snapshot', 'manual__2024-11-13T01:59:58.978135+00:00', '--job-id', '11', '--raw', '--subdir', 'DAGS_FOLDER/build_elt_with_dbt.py', '--cfg-path', '/tmp/tmpxu6w0x15']
[2024-11-13T02:00:29.157+0000] {standard_task_runner.py:91} INFO - Job 11: Subtask dbt_snapshot
[2024-11-13T02:00:29.196+0000] {task_command.py:426} INFO - Running <TaskInstance: BuildELT_dbt.dbt_snapshot manual__2024-11-13T01:59:58.978135+00:00 [running]> on host e3260ad76193
[2024-11-13T02:00:29.245+0000] {taskinstance.py:2648} INFO - Exporting env vars: AIRFLOW_CTX_DAG_OWNER='***' AIRFLOW_CTX_DAG_ID='BuildELT_dbt' AIRFLOW_CTX_TASK_ID='dbt_snapshot' AIRFLOW_CTX_EXECUTION_DATE='2024-11-13T01:59:58.978135+00:00' AIRFLOW_CTX_TRY_NUMBER='1' AIRFLOW_CTX_DAG_RUN_ID='manual__2024-11-13T01:59:58.978135+00:00'
[2024-11-13T02:00:29.248+0000] {taskinstance.py:430} INFO - ::endgroup::
[2024-11-13T02:00:29.249+0000] {subprocess.py:63} INFO - Tmp dir root location: /tmp
[2024-11-13T02:00:29.251+0000] {subprocess.py:75} INFO - Running command: ['/usr/bin/bash', '-c', '/home/***/.local/bin/dbt snapshot --profiles-dir /opt/***/build_dbt --project-dir /opt/***/build_dbt']
[2024-11-13T02:00:29.264+0000] {subprocess.py:86} INFO - Output:
[2024-11-13T02:00:30.921+0000] {subprocess.py:93} INFO - [0m02:00:30  Running with dbt=1.8.7
[2024-11-13T02:00:31.683+0000] {subprocess.py:93} INFO - [0m02:00:31  Registered adapter: snowflake=1.8.4
[2024-11-13T02:00:31.787+0000] {subprocess.py:93} INFO - [0m02:00:31  [[33mWARNING[0m]: Configuration paths exist in your dbt_project.yml file which do not apply to any resources.
[2024-11-13T02:00:31.788+0000] {subprocess.py:93} INFO - There are 1 unused configuration paths:
[2024-11-13T02:00:31.790+0000] {subprocess.py:93} INFO - - models.build_dbt.example
[2024-11-13T02:00:31.950+0000] {subprocess.py:93} INFO - [0m02:00:31  Found 2 models, 2 sources, 459 macros
[2024-11-13T02:00:31.953+0000] {subprocess.py:93} INFO - [0m02:00:31
[2024-11-13T02:00:31.955+0000] {subprocess.py:93} INFO - [0m02:00:31  Nothing to do. Try checking your model configs and model specification args
[2024-11-13T02:00:32.815+0000] {subprocess.py:97} INFO - Command exited with return code 0
[2024-11-13T02:00:32.820+0000] {taskinstance.py:441} INFO - ::group::Post task execution logs
[2024-11-13T02:00:32.866+0000] {taskinstance.py:1206} INFO - Marking task as SUCCESS. dag_id=BuildELT_dbt, task_id=dbt_snapshot, run_id=manual__2024-11-13T01:59:58.978135+00:00, execution_date=20241113T015958, start_date=20241113T020029, end_date=20241113T020032
[2024-11-13T02:00:32.909+0000] {local_task_job_runner.py:240} INFO - Task exited with return code 0
[2024-11-13T02:00:32.945+0000] {taskinstance.py:3498} INFO - 0 downstream tasks scheduled from follow-on schedule check
[2024-11-13T02:00:32.948+0000] {local_task_job_runner.py:222} INFO - ::endgroup::
