[2024-11-14T05:10:19.969+0000] {local_task_job_runner.py:120} INFO - ::group::Pre task execution logs
[2024-11-14T05:10:20.000+0000] {taskinstance.py:2076} INFO - Dependencies all met for dep_context=non-requeueable deps ti=<TaskInstance: stockprices_v2_decorator.load scheduled__2024-11-14T05:00:00+00:00 [queued]>
[2024-11-14T05:10:20.023+0000] {taskinstance.py:2076} INFO - Dependencies all met for dep_context=requeueable deps ti=<TaskInstance: stockprices_v2_decorator.load scheduled__2024-11-14T05:00:00+00:00 [queued]>
[2024-11-14T05:10:20.025+0000] {taskinstance.py:2306} INFO - Starting attempt 1 of 2
[2024-11-14T05:10:20.058+0000] {taskinstance.py:2330} INFO - Executing <Task(_PythonDecoratedOperator): load> on 2024-11-14 05:00:00+00:00
[2024-11-14T05:10:20.073+0000] {warnings.py:110} WARNING - /home/***/.local/lib/python3.12/site-packages/***/task/task_runner/standard_task_runner.py:61: DeprecationWarning: This process (pid=5252) is multi-threaded, use of fork() may lead to deadlocks in the child.
  pid = os.fork()

[2024-11-14T05:10:20.078+0000] {standard_task_runner.py:63} INFO - Started process 5256 to run task
[2024-11-14T05:10:20.087+0000] {standard_task_runner.py:90} INFO - Running: ['***', 'tasks', 'run', 'stockprices_v2_decorator', 'load', 'scheduled__2024-11-14T05:00:00+00:00', '--job-id', '269', '--raw', '--subdir', 'DAGS_FOLDER/stockprices_v2_decorator(3).py', '--cfg-path', '/tmp/tmp2e92i02b']
[2024-11-14T05:10:20.091+0000] {standard_task_runner.py:91} INFO - Job 269: Subtask load
[2024-11-14T05:10:20.198+0000] {task_command.py:426} INFO - Running <TaskInstance: stockprices_v2_decorator.load scheduled__2024-11-14T05:00:00+00:00 [running]> on host 3627cdc70e56
[2024-11-14T05:10:20.377+0000] {taskinstance.py:2648} INFO - Exporting env vars: AIRFLOW_CTX_DAG_OWNER='***' AIRFLOW_CTX_DAG_ID='stockprices_v2_decorator' AIRFLOW_CTX_TASK_ID='load' AIRFLOW_CTX_EXECUTION_DATE='2024-11-14T05:00:00+00:00' AIRFLOW_CTX_TRY_NUMBER='1' AIRFLOW_CTX_DAG_RUN_ID='scheduled__2024-11-14T05:00:00+00:00'
[2024-11-14T05:10:20.382+0000] {taskinstance.py:430} INFO - ::endgroup::
[2024-11-14T05:10:20.385+0000] {logging_mixin.py:188} INFO - No records to load.
[2024-11-14T05:10:20.387+0000] {python.py:237} INFO - Done. Returned value was: None
[2024-11-14T05:10:20.389+0000] {taskinstance.py:441} INFO - ::group::Post task execution logs
[2024-11-14T05:10:20.412+0000] {taskinstance.py:1206} INFO - Marking task as SUCCESS. dag_id=stockprices_v2_decorator, task_id=load, run_id=scheduled__2024-11-14T05:00:00+00:00, execution_date=20241114T050000, start_date=20241114T051020, end_date=20241114T051020
[2024-11-14T05:10:20.497+0000] {local_task_job_runner.py:240} INFO - Task exited with return code 0
[2024-11-14T05:10:20.534+0000] {taskinstance.py:3498} INFO - 0 downstream tasks scheduled from follow-on schedule check
[2024-11-14T05:10:20.537+0000] {local_task_job_runner.py:222} INFO - ::endgroup::
