[2024-11-18T18:57:18.033+0000] {local_task_job_runner.py:120} INFO - ::group::Pre task execution logs
[2024-11-18T18:57:18.054+0000] {taskinstance.py:2076} INFO - Dependencies all met for dep_context=non-requeueable deps ti=<TaskInstance: stockprices_v2_decorator.load scheduled__2024-11-18T16:40:00+00:00 [queued]>
[2024-11-18T18:57:18.064+0000] {taskinstance.py:2076} INFO - Dependencies all met for dep_context=requeueable deps ti=<TaskInstance: stockprices_v2_decorator.load scheduled__2024-11-18T16:40:00+00:00 [queued]>
[2024-11-18T18:57:18.066+0000] {taskinstance.py:2306} INFO - Starting attempt 1 of 2
[2024-11-18T18:57:18.077+0000] {taskinstance.py:2330} INFO - Executing <Task(_PythonDecoratedOperator): load> on 2024-11-18 16:40:00+00:00
[2024-11-18T18:57:18.088+0000] {warnings.py:110} WARNING - /home/***/.local/lib/python3.12/site-packages/***/task/task_runner/standard_task_runner.py:61: DeprecationWarning: This process (pid=287) is multi-threaded, use of fork() may lead to deadlocks in the child.
  pid = os.fork()

[2024-11-18T18:57:18.090+0000] {standard_task_runner.py:63} INFO - Started process 293 to run task
[2024-11-18T18:57:18.091+0000] {standard_task_runner.py:90} INFO - Running: ['***', 'tasks', 'run', 'stockprices_v2_decorator', 'load', 'scheduled__2024-11-18T16:40:00+00:00', '--job-id', '1521', '--raw', '--subdir', 'DAGS_FOLDER/stockprices_v2_decorator(3).py', '--cfg-path', '/tmp/tmpm27go_xx']
[2024-11-18T18:57:18.094+0000] {standard_task_runner.py:91} INFO - Job 1521: Subtask load
[2024-11-18T18:57:18.144+0000] {task_command.py:426} INFO - Running <TaskInstance: stockprices_v2_decorator.load scheduled__2024-11-18T16:40:00+00:00 [running]> on host 3627cdc70e56
[2024-11-18T18:57:18.245+0000] {taskinstance.py:2648} INFO - Exporting env vars: AIRFLOW_CTX_DAG_OWNER='***' AIRFLOW_CTX_DAG_ID='stockprices_v2_decorator' AIRFLOW_CTX_TASK_ID='load' AIRFLOW_CTX_EXECUTION_DATE='2024-11-18T16:40:00+00:00' AIRFLOW_CTX_TRY_NUMBER='1' AIRFLOW_CTX_DAG_RUN_ID='scheduled__2024-11-18T16:40:00+00:00'
[2024-11-18T18:57:18.247+0000] {taskinstance.py:430} INFO - ::endgroup::
[2024-11-18T18:57:18.248+0000] {logging_mixin.py:188} INFO - No records to load.
[2024-11-18T18:57:18.249+0000] {python.py:237} INFO - Done. Returned value was: None
[2024-11-18T18:57:18.250+0000] {taskinstance.py:441} INFO - ::group::Post task execution logs
[2024-11-18T18:57:18.258+0000] {taskinstance.py:1206} INFO - Marking task as SUCCESS. dag_id=stockprices_v2_decorator, task_id=load, run_id=scheduled__2024-11-18T16:40:00+00:00, execution_date=20241118T164000, start_date=20241118T185718, end_date=20241118T185718
[2024-11-18T18:57:18.308+0000] {local_task_job_runner.py:240} INFO - Task exited with return code 0
[2024-11-18T18:57:18.323+0000] {taskinstance.py:3498} INFO - 0 downstream tasks scheduled from follow-on schedule check
[2024-11-18T18:57:18.325+0000] {local_task_job_runner.py:222} INFO - ::endgroup::
