[2024-11-20T03:00:10.266+0000] {local_task_job_runner.py:120} INFO - ::group::Pre task execution logs
[2024-11-20T03:00:10.290+0000] {taskinstance.py:2076} INFO - Dependencies all met for dep_context=non-requeueable deps ti=<TaskInstance: stockprices_v2_decorator.load__1 scheduled__2024-11-20T02:50:00+00:00 [queued]>
[2024-11-20T03:00:10.297+0000] {taskinstance.py:2076} INFO - Dependencies all met for dep_context=requeueable deps ti=<TaskInstance: stockprices_v2_decorator.load__1 scheduled__2024-11-20T02:50:00+00:00 [queued]>
[2024-11-20T03:00:10.298+0000] {taskinstance.py:2306} INFO - Starting attempt 1 of 2
[2024-11-20T03:00:10.309+0000] {taskinstance.py:2330} INFO - Executing <Task(_PythonDecoratedOperator): load__1> on 2024-11-20 02:50:00+00:00
[2024-11-20T03:00:10.320+0000] {warnings.py:110} WARNING - /home/***/.local/lib/python3.12/site-packages/***/task/task_runner/standard_task_runner.py:61: DeprecationWarning: This process (pid=15149) is multi-threaded, use of fork() may lead to deadlocks in the child.
  pid = os.fork()

[2024-11-20T03:00:10.322+0000] {standard_task_runner.py:63} INFO - Started process 15154 to run task
[2024-11-20T03:00:10.322+0000] {standard_task_runner.py:90} INFO - Running: ['***', 'tasks', 'run', 'stockprices_v2_decorator', 'load__1', 'scheduled__2024-11-20T02:50:00+00:00', '--job-id', '2480', '--raw', '--subdir', 'DAGS_FOLDER/stockprices_v2_decorator(3).py', '--cfg-path', '/tmp/tmpbik2rakm']
[2024-11-20T03:00:10.326+0000] {standard_task_runner.py:91} INFO - Job 2480: Subtask load__1
[2024-11-20T03:00:10.392+0000] {task_command.py:426} INFO - Running <TaskInstance: stockprices_v2_decorator.load__1 scheduled__2024-11-20T02:50:00+00:00 [running]> on host 3627cdc70e56
[2024-11-20T03:00:10.470+0000] {taskinstance.py:2648} INFO - Exporting env vars: AIRFLOW_CTX_DAG_OWNER='***' AIRFLOW_CTX_DAG_ID='stockprices_v2_decorator' AIRFLOW_CTX_TASK_ID='load__1' AIRFLOW_CTX_EXECUTION_DATE='2024-11-20T02:50:00+00:00' AIRFLOW_CTX_TRY_NUMBER='1' AIRFLOW_CTX_DAG_RUN_ID='scheduled__2024-11-20T02:50:00+00:00'
[2024-11-20T03:00:10.473+0000] {taskinstance.py:430} INFO - ::endgroup::
[2024-11-20T03:00:10.475+0000] {logging_mixin.py:188} INFO - No records to load.
[2024-11-20T03:00:10.476+0000] {python.py:237} INFO - Done. Returned value was: None
[2024-11-20T03:00:10.477+0000] {taskinstance.py:441} INFO - ::group::Post task execution logs
[2024-11-20T03:00:10.485+0000] {taskinstance.py:1206} INFO - Marking task as SUCCESS. dag_id=stockprices_v2_decorator, task_id=load__1, run_id=scheduled__2024-11-20T02:50:00+00:00, execution_date=20241120T025000, start_date=20241120T030010, end_date=20241120T030010
[2024-11-20T03:00:10.540+0000] {local_task_job_runner.py:240} INFO - Task exited with return code 0
[2024-11-20T03:00:10.556+0000] {taskinstance.py:3498} INFO - 0 downstream tasks scheduled from follow-on schedule check
[2024-11-20T03:00:10.559+0000] {local_task_job_runner.py:222} INFO - ::endgroup::
