[2024-11-14T04:22:42.108+0000] {local_task_job_runner.py:120} INFO - ::group::Pre task execution logs
[2024-11-14T04:22:42.130+0000] {taskinstance.py:2076} INFO - Dependencies all met for dep_context=non-requeueable deps ti=<TaskInstance: BuildELT_dbt.dbt_snapshot manual__2024-11-14T04:22:09.914233+00:00 [queued]>
[2024-11-14T04:22:42.139+0000] {taskinstance.py:2076} INFO - Dependencies all met for dep_context=requeueable deps ti=<TaskInstance: BuildELT_dbt.dbt_snapshot manual__2024-11-14T04:22:09.914233+00:00 [queued]>
[2024-11-14T04:22:42.141+0000] {taskinstance.py:2306} INFO - Starting attempt 1 of 1
[2024-11-14T04:22:42.154+0000] {taskinstance.py:2330} INFO - Executing <Task(BashOperator): dbt_snapshot> on 2024-11-14 04:22:09.914233+00:00
[2024-11-14T04:22:42.169+0000] {warnings.py:110} WARNING - /home/***/.local/lib/python3.12/site-packages/***/task/task_runner/standard_task_runner.py:61: DeprecationWarning: This process (pid=4373) is multi-threaded, use of fork() may lead to deadlocks in the child.
  pid = os.fork()

[2024-11-14T04:22:42.172+0000] {standard_task_runner.py:63} INFO - Started process 4375 to run task
[2024-11-14T04:22:42.172+0000] {standard_task_runner.py:90} INFO - Running: ['***', 'tasks', 'run', 'BuildELT_dbt', 'dbt_snapshot', 'manual__2024-11-14T04:22:09.914233+00:00', '--job-id', '226', '--raw', '--subdir', 'DAGS_FOLDER/build_elt_with_dbt.py', '--cfg-path', '/tmp/tmp2ffjpttc']
[2024-11-14T04:22:42.177+0000] {standard_task_runner.py:91} INFO - Job 226: Subtask dbt_snapshot
[2024-11-14T04:22:42.228+0000] {task_command.py:426} INFO - Running <TaskInstance: BuildELT_dbt.dbt_snapshot manual__2024-11-14T04:22:09.914233+00:00 [running]> on host 3627cdc70e56
[2024-11-14T04:22:42.344+0000] {taskinstance.py:2648} INFO - Exporting env vars: AIRFLOW_CTX_DAG_OWNER='***' AIRFLOW_CTX_DAG_ID='BuildELT_dbt' AIRFLOW_CTX_TASK_ID='dbt_snapshot' AIRFLOW_CTX_EXECUTION_DATE='2024-11-14T04:22:09.914233+00:00' AIRFLOW_CTX_TRY_NUMBER='1' AIRFLOW_CTX_DAG_RUN_ID='manual__2024-11-14T04:22:09.914233+00:00'
[2024-11-14T04:22:42.347+0000] {taskinstance.py:430} INFO - ::endgroup::
[2024-11-14T04:22:42.349+0000] {subprocess.py:63} INFO - Tmp dir root location: /tmp
[2024-11-14T04:22:42.353+0000] {subprocess.py:75} INFO - Running command: ['/usr/bin/bash', '-c', '/home/***/.local/bin/dbt snapshot --profiles-dir /opt/***/build_dbt --project-dir /opt/***/build_dbt']
[2024-11-14T04:22:42.376+0000] {subprocess.py:86} INFO - Output:
[2024-11-14T04:22:43.927+0000] {subprocess.py:93} INFO - [0m04:22:43  Running with dbt=1.8.7
[2024-11-14T04:22:44.664+0000] {subprocess.py:93} INFO - [0m04:22:44  Registered adapter: snowflake=1.8.4
[2024-11-14T04:22:44.799+0000] {subprocess.py:93} INFO - [0m04:22:44  [[33mWARNING[0m]: Configuration paths exist in your dbt_project.yml file which do not apply to any resources.
[2024-11-14T04:22:44.800+0000] {subprocess.py:93} INFO - There are 1 unused configuration paths:
[2024-11-14T04:22:44.802+0000] {subprocess.py:93} INFO - - models.build_dbt.example
[2024-11-14T04:22:44.989+0000] {subprocess.py:93} INFO - [0m04:22:44  Found 4 models, 1 snapshot, 2 sources, 459 macros
[2024-11-14T04:22:45.004+0000] {subprocess.py:93} INFO - [0m04:22:45
[2024-11-14T04:22:51.466+0000] {subprocess.py:93} INFO - [0m04:22:51  Concurrency: 1 threads (target='dev')
[2024-11-14T04:22:51.470+0000] {subprocess.py:93} INFO - [0m04:22:51
[2024-11-14T04:22:51.494+0000] {subprocess.py:93} INFO - [0m04:22:51  1 of 1 START snapshot snapshot.snapshot_stock_analytics ........................ [RUN]
[2024-11-14T04:22:53.117+0000] {subprocess.py:93} INFO - [0m04:22:53  1 of 1 ERROR snapshotting snapshot.snapshot_stock_analytics .................... [[31mERROR[0m in 1.61s]
[2024-11-14T04:22:53.136+0000] {subprocess.py:93} INFO - [0m04:22:53
[2024-11-14T04:22:53.141+0000] {subprocess.py:93} INFO - [0m04:22:53  Finished running 1 snapshot in 0 hours 0 minutes and 8.13 seconds (8.13s).
[2024-11-14T04:22:53.287+0000] {subprocess.py:93} INFO - [0m04:22:53
[2024-11-14T04:22:53.290+0000] {subprocess.py:93} INFO - [0m04:22:53  [31mCompleted with 1 error and 0 warnings:[0m
[2024-11-14T04:22:53.294+0000] {subprocess.py:93} INFO - [0m04:22:53
[2024-11-14T04:22:53.302+0000] {subprocess.py:93} INFO - [0m04:22:53    Database Error in snapshot snapshot_stock_analytics (snapshots/snapshot snapshot_stock_analytics.sql)
[2024-11-14T04:22:53.305+0000] {subprocess.py:93} INFO -   000904 (42000): SQL compilation error: error line 24 at position 4
[2024-11-14T04:22:53.308+0000] {subprocess.py:93} INFO -   invalid identifier 'MOVING_AVERAGE'
[2024-11-14T04:22:53.311+0000] {subprocess.py:93} INFO - [0m04:22:53
[2024-11-14T04:22:53.312+0000] {subprocess.py:93} INFO - [0m04:22:53  Done. PASS=0 WARN=0 ERROR=1 SKIP=0 TOTAL=1
[2024-11-14T04:22:54.397+0000] {subprocess.py:97} INFO - Command exited with return code 1
[2024-11-14T04:22:54.411+0000] {taskinstance.py:441} INFO - ::group::Post task execution logs
[2024-11-14T04:22:54.504+0000] {taskinstance.py:2905} ERROR - Task failed with exception
Traceback (most recent call last):
  File "/home/airflow/.local/lib/python3.12/site-packages/airflow/models/taskinstance.py", line 465, in _execute_task
    result = _execute_callable(context=context, **execute_callable_kwargs)
             ^^^^^^^^^^^^^^^^^^^^^^^^^^^^^^^^^^^^^^^^^^^^^^^^^^^^^^^^^^^^^
  File "/home/airflow/.local/lib/python3.12/site-packages/airflow/models/taskinstance.py", line 432, in _execute_callable
    return execute_callable(context=context, **execute_callable_kwargs)
           ^^^^^^^^^^^^^^^^^^^^^^^^^^^^^^^^^^^^^^^^^^^^^^^^^^^^^^^^^^^^
  File "/home/airflow/.local/lib/python3.12/site-packages/airflow/models/baseoperator.py", line 400, in wrapper
    return func(self, *args, **kwargs)
           ^^^^^^^^^^^^^^^^^^^^^^^^^^^
  File "/home/airflow/.local/lib/python3.12/site-packages/airflow/operators/bash.py", line 243, in execute
    raise AirflowException(
airflow.exceptions.AirflowException: Bash command failed. The command returned a non-zero exit code 1.
[2024-11-14T04:22:54.524+0000] {taskinstance.py:1206} INFO - Marking task as FAILED. dag_id=BuildELT_dbt, task_id=dbt_snapshot, run_id=manual__2024-11-14T04:22:09.914233+00:00, execution_date=20241114T042209, start_date=20241114T042242, end_date=20241114T042254
[2024-11-14T04:22:54.571+0000] {standard_task_runner.py:110} ERROR - Failed to execute job 226 for task dbt_snapshot (Bash command failed. The command returned a non-zero exit code 1.; 4375)
[2024-11-14T04:22:54.672+0000] {local_task_job_runner.py:240} INFO - Task exited with return code 1
[2024-11-14T04:22:54.751+0000] {taskinstance.py:3498} INFO - 0 downstream tasks scheduled from follow-on schedule check
[2024-11-14T04:22:54.754+0000] {local_task_job_runner.py:222} INFO - ::endgroup::
