[2024-11-19T03:00:05.688+0000] {local_task_job_runner.py:120} INFO - ::group::Pre task execution logs
[2024-11-19T03:00:05.715+0000] {taskinstance.py:2076} INFO - Dependencies all met for dep_context=non-requeueable deps ti=<TaskInstance: stockprices_v2_decorator.transform__1 scheduled__2024-11-19T02:50:00+00:00 [queued]>
[2024-11-19T03:00:05.726+0000] {taskinstance.py:2076} INFO - Dependencies all met for dep_context=requeueable deps ti=<TaskInstance: stockprices_v2_decorator.transform__1 scheduled__2024-11-19T02:50:00+00:00 [queued]>
[2024-11-19T03:00:05.728+0000] {taskinstance.py:2306} INFO - Starting attempt 1 of 2
[2024-11-19T03:00:05.744+0000] {taskinstance.py:2330} INFO - Executing <Task(_PythonDecoratedOperator): transform__1> on 2024-11-19 02:50:00+00:00
[2024-11-19T03:00:05.764+0000] {warnings.py:110} WARNING - /home/***/.local/lib/python3.12/site-packages/***/task/task_runner/standard_task_runner.py:61: DeprecationWarning: This process (pid=6718) is multi-threaded, use of fork() may lead to deadlocks in the child.
  pid = os.fork()

[2024-11-19T03:00:05.768+0000] {standard_task_runner.py:63} INFO - Started process 6729 to run task
[2024-11-19T03:00:05.770+0000] {standard_task_runner.py:90} INFO - Running: ['***', 'tasks', 'run', 'stockprices_v2_decorator', 'transform__1', 'scheduled__2024-11-19T02:50:00+00:00', '--job-id', '1903', '--raw', '--subdir', 'DAGS_FOLDER/stockprices_v2_decorator(3).py', '--cfg-path', '/tmp/tmpoerx2y36']
[2024-11-19T03:00:05.774+0000] {standard_task_runner.py:91} INFO - Job 1903: Subtask transform__1
[2024-11-19T03:00:05.826+0000] {task_command.py:426} INFO - Running <TaskInstance: stockprices_v2_decorator.transform__1 scheduled__2024-11-19T02:50:00+00:00 [running]> on host 3627cdc70e56
[2024-11-19T03:00:05.910+0000] {taskinstance.py:2648} INFO - Exporting env vars: AIRFLOW_CTX_DAG_OWNER='***' AIRFLOW_CTX_DAG_ID='stockprices_v2_decorator' AIRFLOW_CTX_TASK_ID='transform__1' AIRFLOW_CTX_EXECUTION_DATE='2024-11-19T02:50:00+00:00' AIRFLOW_CTX_TRY_NUMBER='1' AIRFLOW_CTX_DAG_RUN_ID='scheduled__2024-11-19T02:50:00+00:00'
[2024-11-19T03:00:05.913+0000] {taskinstance.py:430} INFO - ::endgroup::
[2024-11-19T03:00:05.915+0000] {logging_mixin.py:188} INFO - Processed Data: []
[2024-11-19T03:00:05.916+0000] {python.py:237} INFO - Done. Returned value was: []
[2024-11-19T03:00:05.916+0000] {taskinstance.py:441} INFO - ::group::Post task execution logs
[2024-11-19T03:00:05.931+0000] {taskinstance.py:1206} INFO - Marking task as SUCCESS. dag_id=stockprices_v2_decorator, task_id=transform__1, run_id=scheduled__2024-11-19T02:50:00+00:00, execution_date=20241119T025000, start_date=20241119T030005, end_date=20241119T030005
[2024-11-19T03:00:05.986+0000] {local_task_job_runner.py:240} INFO - Task exited with return code 0
[2024-11-19T03:00:06.005+0000] {taskinstance.py:3498} INFO - 1 downstream tasks scheduled from follow-on schedule check
[2024-11-19T03:00:06.007+0000] {local_task_job_runner.py:222} INFO - ::endgroup::
