[2024-11-17T07:20:05.835+0000] {local_task_job_runner.py:120} INFO - ::group::Pre task execution logs
[2024-11-17T07:20:05.862+0000] {taskinstance.py:2076} INFO - Dependencies all met for dep_context=non-requeueable deps ti=<TaskInstance: stockprices_v2_decorator.transform__1 scheduled__2024-11-17T07:10:00+00:00 [queued]>
[2024-11-17T07:20:05.872+0000] {taskinstance.py:2076} INFO - Dependencies all met for dep_context=requeueable deps ti=<TaskInstance: stockprices_v2_decorator.transform__1 scheduled__2024-11-17T07:10:00+00:00 [queued]>
[2024-11-17T07:20:05.874+0000] {taskinstance.py:2306} INFO - Starting attempt 1 of 2
[2024-11-17T07:20:05.886+0000] {taskinstance.py:2330} INFO - Executing <Task(_PythonDecoratedOperator): transform__1> on 2024-11-17 07:10:00+00:00
[2024-11-17T07:20:05.911+0000] {warnings.py:110} WARNING - /home/***/.local/lib/python3.12/site-packages/***/task/task_runner/standard_task_runner.py:61: DeprecationWarning: This process (pid=4918) is multi-threaded, use of fork() may lead to deadlocks in the child.
  pid = os.fork()

[2024-11-17T07:20:05.923+0000] {standard_task_runner.py:63} INFO - Started process 4922 to run task
[2024-11-17T07:20:05.925+0000] {standard_task_runner.py:90} INFO - Running: ['***', 'tasks', 'run', 'stockprices_v2_decorator', 'transform__1', 'scheduled__2024-11-17T07:10:00+00:00', '--job-id', '772', '--raw', '--subdir', 'DAGS_FOLDER/stockprices_v2_decorator(3).py', '--cfg-path', '/tmp/tmplrx8cszd']
[2024-11-17T07:20:05.933+0000] {standard_task_runner.py:91} INFO - Job 772: Subtask transform__1
[2024-11-17T07:20:06.001+0000] {task_command.py:426} INFO - Running <TaskInstance: stockprices_v2_decorator.transform__1 scheduled__2024-11-17T07:10:00+00:00 [running]> on host 3627cdc70e56
[2024-11-17T07:20:06.080+0000] {taskinstance.py:2648} INFO - Exporting env vars: AIRFLOW_CTX_DAG_OWNER='***' AIRFLOW_CTX_DAG_ID='stockprices_v2_decorator' AIRFLOW_CTX_TASK_ID='transform__1' AIRFLOW_CTX_EXECUTION_DATE='2024-11-17T07:10:00+00:00' AIRFLOW_CTX_TRY_NUMBER='1' AIRFLOW_CTX_DAG_RUN_ID='scheduled__2024-11-17T07:10:00+00:00'
[2024-11-17T07:20:06.083+0000] {taskinstance.py:430} INFO - ::endgroup::
[2024-11-17T07:20:06.084+0000] {logging_mixin.py:188} INFO - Processed Data: []
[2024-11-17T07:20:06.085+0000] {python.py:237} INFO - Done. Returned value was: []
[2024-11-17T07:20:06.086+0000] {taskinstance.py:441} INFO - ::group::Post task execution logs
[2024-11-17T07:20:06.106+0000] {taskinstance.py:1206} INFO - Marking task as SUCCESS. dag_id=stockprices_v2_decorator, task_id=transform__1, run_id=scheduled__2024-11-17T07:10:00+00:00, execution_date=20241117T071000, start_date=20241117T072005, end_date=20241117T072006
[2024-11-17T07:20:06.149+0000] {local_task_job_runner.py:240} INFO - Task exited with return code 0
[2024-11-17T07:20:06.165+0000] {taskinstance.py:3498} INFO - 1 downstream tasks scheduled from follow-on schedule check
[2024-11-17T07:20:06.167+0000] {local_task_job_runner.py:222} INFO - ::endgroup::
