[2024-11-17T11:07:51.825+0000] {local_task_job_runner.py:120} INFO - ::group::Pre task execution logs
[2024-11-17T11:07:51.901+0000] {taskinstance.py:2076} INFO - Dependencies all met for dep_context=non-requeueable deps ti=<TaskInstance: stockprices_v2_decorator.transform__1 scheduled__2024-11-17T10:40:00+00:00 [queued]>
[2024-11-17T11:07:51.925+0000] {taskinstance.py:2076} INFO - Dependencies all met for dep_context=requeueable deps ti=<TaskInstance: stockprices_v2_decorator.transform__1 scheduled__2024-11-17T10:40:00+00:00 [queued]>
[2024-11-17T11:07:51.927+0000] {taskinstance.py:2306} INFO - Starting attempt 1 of 2
[2024-11-17T11:07:52.024+0000] {taskinstance.py:2330} INFO - Executing <Task(_PythonDecoratedOperator): transform__1> on 2024-11-17 10:40:00+00:00
[2024-11-17T11:07:52.821+0000] {standard_task_runner.py:90} INFO - Running: ['***', 'tasks', 'run', 'stockprices_v2_decorator', 'transform__1', 'scheduled__2024-11-17T10:40:00+00:00', '--job-id', '920', '--raw', '--subdir', 'DAGS_FOLDER/stockprices_v2_decorator(3).py', '--cfg-path', '/tmp/tmp8sx1dfyd']
[2024-11-17T11:07:52.845+0000] {standard_task_runner.py:91} INFO - Job 920: Subtask transform__1
[2024-11-17T11:07:52.874+0000] {warnings.py:110} WARNING - /home/***/.local/lib/python3.12/site-packages/***/task/task_runner/standard_task_runner.py:61: DeprecationWarning: This process (pid=6648) is multi-threaded, use of fork() may lead to deadlocks in the child.
  pid = os.fork()

[2024-11-17T11:07:52.936+0000] {standard_task_runner.py:63} INFO - Started process 6659 to run task
[2024-11-17T11:07:53.349+0000] {task_command.py:426} INFO - Running <TaskInstance: stockprices_v2_decorator.transform__1 scheduled__2024-11-17T10:40:00+00:00 [running]> on host 3627cdc70e56
[2024-11-17T11:07:54.545+0000] {taskinstance.py:2648} INFO - Exporting env vars: AIRFLOW_CTX_DAG_OWNER='***' AIRFLOW_CTX_DAG_ID='stockprices_v2_decorator' AIRFLOW_CTX_TASK_ID='transform__1' AIRFLOW_CTX_EXECUTION_DATE='2024-11-17T10:40:00+00:00' AIRFLOW_CTX_TRY_NUMBER='1' AIRFLOW_CTX_DAG_RUN_ID='scheduled__2024-11-17T10:40:00+00:00'
[2024-11-17T11:07:54.723+0000] {taskinstance.py:430} INFO - ::endgroup::
[2024-11-17T11:07:54.752+0000] {logging_mixin.py:188} INFO - Processed Data: []
[2024-11-17T11:07:54.757+0000] {python.py:237} INFO - Done. Returned value was: []
[2024-11-17T11:07:54.758+0000] {taskinstance.py:441} INFO - ::group::Post task execution logs
[2024-11-17T11:07:55.008+0000] {taskinstance.py:1206} INFO - Marking task as SUCCESS. dag_id=stockprices_v2_decorator, task_id=transform__1, run_id=scheduled__2024-11-17T10:40:00+00:00, execution_date=20241117T104000, start_date=20241117T110751, end_date=20241117T110755
[2024-11-17T11:07:55.212+0000] {local_task_job_runner.py:240} INFO - Task exited with return code 0
[2024-11-17T11:07:55.685+0000] {taskinstance.py:3498} INFO - 1 downstream tasks scheduled from follow-on schedule check
[2024-11-17T11:07:55.741+0000] {local_task_job_runner.py:222} INFO - ::endgroup::
