[2024-11-17T10:30:10.368+0000] {local_task_job_runner.py:120} INFO - ::group::Pre task execution logs
[2024-11-17T10:30:10.423+0000] {taskinstance.py:2076} INFO - Dependencies all met for dep_context=non-requeueable deps ti=<TaskInstance: stockprices_v2_decorator.load__1 scheduled__2024-11-17T10:20:00+00:00 [queued]>
[2024-11-17T10:30:10.429+0000] {taskinstance.py:2076} INFO - Dependencies all met for dep_context=requeueable deps ti=<TaskInstance: stockprices_v2_decorator.load__1 scheduled__2024-11-17T10:20:00+00:00 [queued]>
[2024-11-17T10:30:10.430+0000] {taskinstance.py:2306} INFO - Starting attempt 1 of 2
[2024-11-17T10:30:10.445+0000] {taskinstance.py:2330} INFO - Executing <Task(_PythonDecoratedOperator): load__1> on 2024-11-17 10:20:00+00:00
[2024-11-17T10:30:10.515+0000] {warnings.py:110} WARNING - /home/***/.local/lib/python3.12/site-packages/***/task/task_runner/standard_task_runner.py:61: DeprecationWarning: This process (pid=6527) is multi-threaded, use of fork() may lead to deadlocks in the child.
  pid = os.fork()

[2024-11-17T10:30:10.528+0000] {standard_task_runner.py:63} INFO - Started process 6531 to run task
[2024-11-17T10:30:10.527+0000] {standard_task_runner.py:90} INFO - Running: ['***', 'tasks', 'run', 'stockprices_v2_decorator', 'load__1', 'scheduled__2024-11-17T10:20:00+00:00', '--job-id', '911', '--raw', '--subdir', 'DAGS_FOLDER/stockprices_v2_decorator(3).py', '--cfg-path', '/tmp/tmp7z1bpn7b']
[2024-11-17T10:30:10.553+0000] {standard_task_runner.py:91} INFO - Job 911: Subtask load__1
[2024-11-17T10:30:10.694+0000] {task_command.py:426} INFO - Running <TaskInstance: stockprices_v2_decorator.load__1 scheduled__2024-11-17T10:20:00+00:00 [running]> on host 3627cdc70e56
[2024-11-17T10:30:10.849+0000] {taskinstance.py:2648} INFO - Exporting env vars: AIRFLOW_CTX_DAG_OWNER='***' AIRFLOW_CTX_DAG_ID='stockprices_v2_decorator' AIRFLOW_CTX_TASK_ID='load__1' AIRFLOW_CTX_EXECUTION_DATE='2024-11-17T10:20:00+00:00' AIRFLOW_CTX_TRY_NUMBER='1' AIRFLOW_CTX_DAG_RUN_ID='scheduled__2024-11-17T10:20:00+00:00'
[2024-11-17T10:30:10.880+0000] {taskinstance.py:430} INFO - ::endgroup::
[2024-11-17T10:30:10.883+0000] {logging_mixin.py:188} INFO - No records to load.
[2024-11-17T10:30:10.884+0000] {python.py:237} INFO - Done. Returned value was: None
[2024-11-17T10:30:10.886+0000] {taskinstance.py:441} INFO - ::group::Post task execution logs
[2024-11-17T10:30:10.903+0000] {taskinstance.py:1206} INFO - Marking task as SUCCESS. dag_id=stockprices_v2_decorator, task_id=load__1, run_id=scheduled__2024-11-17T10:20:00+00:00, execution_date=20241117T102000, start_date=20241117T103010, end_date=20241117T103010
[2024-11-17T10:30:10.990+0000] {local_task_job_runner.py:240} INFO - Task exited with return code 0
[2024-11-17T10:30:11.046+0000] {taskinstance.py:3498} INFO - 0 downstream tasks scheduled from follow-on schedule check
[2024-11-17T10:30:11.055+0000] {local_task_job_runner.py:222} INFO - ::endgroup::
