[2024-11-13T07:15:39.902+0000] {local_task_job_runner.py:120} INFO - ::group::Pre task execution logs
[2024-11-13T07:15:39.916+0000] {taskinstance.py:2076} INFO - Dependencies all met for dep_context=non-requeueable deps ti=<TaskInstance: BuildELT_dbt.dbt_run manual__2024-11-13T07:15:37.465233+00:00 [queued]>
[2024-11-13T07:15:39.921+0000] {taskinstance.py:2076} INFO - Dependencies all met for dep_context=requeueable deps ti=<TaskInstance: BuildELT_dbt.dbt_run manual__2024-11-13T07:15:37.465233+00:00 [queued]>
[2024-11-13T07:15:39.922+0000] {taskinstance.py:2306} INFO - Starting attempt 1 of 1
[2024-11-13T07:15:39.928+0000] {taskinstance.py:2330} INFO - Executing <Task(BashOperator): dbt_run> on 2024-11-13 07:15:37.465233+00:00
[2024-11-13T07:15:39.935+0000] {warnings.py:110} WARNING - /home/***/.local/lib/python3.12/site-packages/***/task/task_runner/standard_task_runner.py:61: DeprecationWarning: This process (pid=297) is multi-threaded, use of fork() may lead to deadlocks in the child.
  pid = os.fork()

[2024-11-13T07:15:39.937+0000] {standard_task_runner.py:63} INFO - Started process 299 to run task
[2024-11-13T07:15:39.937+0000] {standard_task_runner.py:90} INFO - Running: ['***', 'tasks', 'run', 'BuildELT_dbt', 'dbt_run', 'manual__2024-11-13T07:15:37.465233+00:00', '--job-id', '16', '--raw', '--subdir', 'DAGS_FOLDER/build_elt_with_dbt.py', '--cfg-path', '/tmp/tmpjlhzmxz1']
[2024-11-13T07:15:39.940+0000] {standard_task_runner.py:91} INFO - Job 16: Subtask dbt_run
[2024-11-13T07:15:39.971+0000] {task_command.py:426} INFO - Running <TaskInstance: BuildELT_dbt.dbt_run manual__2024-11-13T07:15:37.465233+00:00 [running]> on host e3260ad76193
[2024-11-13T07:15:40.031+0000] {taskinstance.py:2648} INFO - Exporting env vars: AIRFLOW_CTX_DAG_OWNER='***' AIRFLOW_CTX_DAG_ID='BuildELT_dbt' AIRFLOW_CTX_TASK_ID='dbt_run' AIRFLOW_CTX_EXECUTION_DATE='2024-11-13T07:15:37.465233+00:00' AIRFLOW_CTX_TRY_NUMBER='1' AIRFLOW_CTX_DAG_RUN_ID='manual__2024-11-13T07:15:37.465233+00:00'
[2024-11-13T07:15:40.033+0000] {taskinstance.py:430} INFO - ::endgroup::
[2024-11-13T07:15:40.034+0000] {subprocess.py:63} INFO - Tmp dir root location: /tmp
[2024-11-13T07:15:40.036+0000] {subprocess.py:75} INFO - Running command: ['/usr/bin/bash', '-c', '/home/***/.local/bin/dbt run --profiles-dir /opt/***/build_dbt --project-dir /opt/***/build_dbt']
[2024-11-13T07:15:40.048+0000] {subprocess.py:86} INFO - Output:
[2024-11-13T07:15:41.885+0000] {subprocess.py:93} INFO - [0m07:15:41  Running with dbt=1.8.7
[2024-11-13T07:15:42.888+0000] {subprocess.py:93} INFO - [0m07:15:42  Registered adapter: snowflake=1.8.4
[2024-11-13T07:15:43.334+0000] {subprocess.py:93} INFO - [0m07:15:43  [[33mWARNING[0m]: Configuration paths exist in your dbt_project.yml file which do not apply to any resources.
[2024-11-13T07:15:43.341+0000] {subprocess.py:93} INFO - There are 1 unused configuration paths:
[2024-11-13T07:15:43.341+0000] {subprocess.py:93} INFO - - models.build_dbt.example
[2024-11-13T07:15:43.564+0000] {subprocess.py:93} INFO - [0m07:15:43  Found 2 models, 2 sources, 459 macros
[2024-11-13T07:15:43.572+0000] {subprocess.py:93} INFO - [0m07:15:43
[2024-11-13T07:15:47.043+0000] {subprocess.py:93} INFO - [0m07:15:47  Concurrency: 1 threads (target='dev')
[2024-11-13T07:15:47.057+0000] {subprocess.py:93} INFO - [0m07:15:47
[2024-11-13T07:15:47.091+0000] {subprocess.py:93} INFO - [0m07:15:47  1 of 2 START sql view model analytics.population_data .......................... [RUN]
[2024-11-13T07:15:48.876+0000] {subprocess.py:93} INFO - [0m07:15:48  1 of 2 OK created sql view model analytics.population_data ..................... [[32mSUCCESS 1[0m in 1.76s]
[2024-11-13T07:15:48.901+0000] {subprocess.py:93} INFO - [0m07:15:48  2 of 2 START sql table model analytics.population_summary ...................... [RUN]
[2024-11-13T07:15:51.416+0000] {subprocess.py:93} INFO - [0m07:15:51  2 of 2 OK created sql table model analytics.population_summary ................. [[32mSUCCESS 1[0m in 2.50s]
[2024-11-13T07:15:51.438+0000] {subprocess.py:93} INFO - [0m07:15:51
[2024-11-13T07:15:51.441+0000] {subprocess.py:93} INFO - [0m07:15:51  Finished running 1 view model, 1 table model in 0 hours 0 minutes and 7.86 seconds (7.86s).
[2024-11-13T07:15:51.546+0000] {subprocess.py:93} INFO - [0m07:15:51
[2024-11-13T07:15:51.547+0000] {subprocess.py:93} INFO - [0m07:15:51  [32mCompleted successfully[0m
[2024-11-13T07:15:51.549+0000] {subprocess.py:93} INFO - [0m07:15:51
[2024-11-13T07:15:51.551+0000] {subprocess.py:93} INFO - [0m07:15:51  Done. PASS=2 WARN=0 ERROR=0 SKIP=0 TOTAL=2
[2024-11-13T07:15:52.423+0000] {subprocess.py:97} INFO - Command exited with return code 0
[2024-11-13T07:15:52.427+0000] {taskinstance.py:441} INFO - ::group::Post task execution logs
[2024-11-13T07:15:52.473+0000] {taskinstance.py:1206} INFO - Marking task as SUCCESS. dag_id=BuildELT_dbt, task_id=dbt_run, run_id=manual__2024-11-13T07:15:37.465233+00:00, execution_date=20241113T071537, start_date=20241113T071539, end_date=20241113T071552
[2024-11-13T07:15:52.536+0000] {local_task_job_runner.py:240} INFO - Task exited with return code 0
[2024-11-13T07:15:52.569+0000] {taskinstance.py:3498} INFO - 1 downstream tasks scheduled from follow-on schedule check
[2024-11-13T07:15:52.571+0000] {local_task_job_runner.py:222} INFO - ::endgroup::
