[2024-11-18T22:20:07.275+0000] {local_task_job_runner.py:120} INFO - ::group::Pre task execution logs
[2024-11-18T22:20:07.362+0000] {taskinstance.py:2076} INFO - Dependencies all met for dep_context=non-requeueable deps ti=<TaskInstance: stockprices_v2_decorator.transform__1 scheduled__2024-11-18T22:10:00+00:00 [queued]>
[2024-11-18T22:20:07.393+0000] {taskinstance.py:2076} INFO - Dependencies all met for dep_context=requeueable deps ti=<TaskInstance: stockprices_v2_decorator.transform__1 scheduled__2024-11-18T22:10:00+00:00 [queued]>
[2024-11-18T22:20:07.398+0000] {taskinstance.py:2306} INFO - Starting attempt 1 of 2
[2024-11-18T22:20:07.438+0000] {taskinstance.py:2330} INFO - Executing <Task(_PythonDecoratedOperator): transform__1> on 2024-11-18 22:10:00+00:00
[2024-11-18T22:20:07.462+0000] {warnings.py:110} WARNING - /home/***/.local/lib/python3.12/site-packages/***/task/task_runner/standard_task_runner.py:61: DeprecationWarning: This process (pid=3188) is multi-threaded, use of fork() may lead to deadlocks in the child.
  pid = os.fork()

[2024-11-18T22:20:07.470+0000] {standard_task_runner.py:63} INFO - Started process 3192 to run task
[2024-11-18T22:20:07.477+0000] {standard_task_runner.py:90} INFO - Running: ['***', 'tasks', 'run', 'stockprices_v2_decorator', 'transform__1', 'scheduled__2024-11-18T22:10:00+00:00', '--job-id', '1686', '--raw', '--subdir', 'DAGS_FOLDER/stockprices_v2_decorator(3).py', '--cfg-path', '/tmp/tmpljchq7e9']
[2024-11-18T22:20:07.494+0000] {standard_task_runner.py:91} INFO - Job 1686: Subtask transform__1
[2024-11-18T22:20:07.591+0000] {task_command.py:426} INFO - Running <TaskInstance: stockprices_v2_decorator.transform__1 scheduled__2024-11-18T22:10:00+00:00 [running]> on host 3627cdc70e56
[2024-11-18T22:20:07.778+0000] {taskinstance.py:2648} INFO - Exporting env vars: AIRFLOW_CTX_DAG_OWNER='***' AIRFLOW_CTX_DAG_ID='stockprices_v2_decorator' AIRFLOW_CTX_TASK_ID='transform__1' AIRFLOW_CTX_EXECUTION_DATE='2024-11-18T22:10:00+00:00' AIRFLOW_CTX_TRY_NUMBER='1' AIRFLOW_CTX_DAG_RUN_ID='scheduled__2024-11-18T22:10:00+00:00'
[2024-11-18T22:20:07.787+0000] {taskinstance.py:430} INFO - ::endgroup::
[2024-11-18T22:20:07.799+0000] {logging_mixin.py:188} INFO - Processed Data: []
[2024-11-18T22:20:07.801+0000] {python.py:237} INFO - Done. Returned value was: []
[2024-11-18T22:20:07.802+0000] {taskinstance.py:441} INFO - ::group::Post task execution logs
[2024-11-18T22:20:07.838+0000] {taskinstance.py:1206} INFO - Marking task as SUCCESS. dag_id=stockprices_v2_decorator, task_id=transform__1, run_id=scheduled__2024-11-18T22:10:00+00:00, execution_date=20241118T221000, start_date=20241118T222007, end_date=20241118T222007
[2024-11-18T22:20:07.914+0000] {local_task_job_runner.py:240} INFO - Task exited with return code 0
[2024-11-18T22:20:08.076+0000] {taskinstance.py:3498} INFO - 1 downstream tasks scheduled from follow-on schedule check
[2024-11-18T22:20:08.083+0000] {local_task_job_runner.py:222} INFO - ::endgroup::
