[2024-11-14T00:42:38.573+0000] {local_task_job_runner.py:120} INFO - ::group::Pre task execution logs
[2024-11-14T00:42:38.764+0000] {taskinstance.py:2076} INFO - Dependencies all met for dep_context=non-requeueable deps ti=<TaskInstance: PopulationDataToSnowflake.load_population_data manual__2024-11-14T00:42:20.401960+00:00 [queued]>
[2024-11-14T00:42:38.786+0000] {taskinstance.py:2076} INFO - Dependencies all met for dep_context=requeueable deps ti=<TaskInstance: PopulationDataToSnowflake.load_population_data manual__2024-11-14T00:42:20.401960+00:00 [queued]>
[2024-11-14T00:42:38.790+0000] {taskinstance.py:2306} INFO - Starting attempt 1 of 1
[2024-11-14T00:42:38.818+0000] {taskinstance.py:2330} INFO - Executing <Task(_PythonDecoratedOperator): load_population_data> on 2024-11-14 00:42:20.401960+00:00
[2024-11-14T00:42:38.838+0000] {warnings.py:110} WARNING - /home/***/.local/lib/python3.12/site-packages/***/task/task_runner/standard_task_runner.py:61: DeprecationWarning: This process (pid=939) is multi-threaded, use of fork() may lead to deadlocks in the child.
  pid = os.fork()

[2024-11-14T00:42:38.841+0000] {standard_task_runner.py:63} INFO - Started process 948 to run task
[2024-11-14T00:42:38.853+0000] {standard_task_runner.py:90} INFO - Running: ['***', 'tasks', 'run', 'PopulationDataToSnowflake', 'load_population_data', 'manual__2024-11-14T00:42:20.401960+00:00', '--job-id', '58', '--raw', '--subdir', 'DAGS_FOLDER/PopulationDataToSnowflake.py', '--cfg-path', '/tmp/tmp_cysaq3w']
[2024-11-14T00:42:38.855+0000] {standard_task_runner.py:91} INFO - Job 58: Subtask load_population_data
[2024-11-14T00:42:39.054+0000] {task_command.py:426} INFO - Running <TaskInstance: PopulationDataToSnowflake.load_population_data manual__2024-11-14T00:42:20.401960+00:00 [running]> on host 3627cdc70e56
[2024-11-14T00:42:39.555+0000] {taskinstance.py:2648} INFO - Exporting env vars: AIRFLOW_CTX_DAG_OWNER='***' AIRFLOW_CTX_DAG_ID='PopulationDataToSnowflake' AIRFLOW_CTX_TASK_ID='load_population_data' AIRFLOW_CTX_EXECUTION_DATE='2024-11-14T00:42:20.401960+00:00' AIRFLOW_CTX_TRY_NUMBER='1' AIRFLOW_CTX_DAG_RUN_ID='manual__2024-11-14T00:42:20.401960+00:00'
[2024-11-14T00:42:39.559+0000] {taskinstance.py:430} INFO - ::endgroup::
[2024-11-14T00:42:39.573+0000] {base.py:84} INFO - Using connection ID 'snowflake_conn' for task execution.
[2024-11-14T00:42:39.576+0000] {connection.py:399} INFO - Snowflake Connector for Python Version: 3.10.0, Python Version: 3.12.3, Platform: Linux-5.10.25-linuxkit-aarch64-with-glibc2.36
[2024-11-14T00:42:39.580+0000] {connection.py:1239} INFO - This connection is in OCSP Fail Open Mode. TLS Certificates would be checked for validity and revocation status. Any other Certificate Revocation related exceptions or OCSP Responder failures would be disregarded in favor of connectivity.
[2024-11-14T00:42:41.132+0000] {cursor.py:1149} INFO - Number of results in first chunk: 1
[2024-11-14T00:42:41.412+0000] {cursor.py:1149} INFO - Number of results in first chunk: 1
[2024-11-14T00:50:00.672+0000] {local_task_job_runner.py:310} WARNING - State of this instance has been externally set to failed. Terminating instance.
[2024-11-14T00:50:00.681+0000] {local_task_job_runner.py:222} INFO - ::endgroup::
[2024-11-14T00:50:00.690+0000] {process_utils.py:132} INFO - Sending 15 to group 948. PIDs of all processes in the group: [948]
[2024-11-14T00:50:00.693+0000] {process_utils.py:87} INFO - Sending the signal 15 to group 948
[2024-11-14T00:50:00.706+0000] {taskinstance.py:2611} ERROR - Received SIGTERM. Terminating subprocesses.
[2024-11-14T00:50:00.762+0000] {taskinstance.py:441} INFO - ::group::Post task execution logs
[2024-11-14T00:50:01.415+0000] {process_utils.py:80} INFO - Process psutil.Process(pid=948, status='terminated', exitcode=0, started='00:42:37') (948) terminated with exit code 0
