[2024-11-19T18:02:44.047+0000] {local_task_job_runner.py:120} INFO - ::group::Pre task execution logs
[2024-11-19T18:02:44.269+0000] {taskinstance.py:2076} INFO - Dependencies all met for dep_context=non-requeueable deps ti=<TaskInstance: stockprices_v2_decorator.load__1 scheduled__2024-11-19T17:20:00+00:00 [queued]>
[2024-11-19T18:02:44.348+0000] {taskinstance.py:2076} INFO - Dependencies all met for dep_context=requeueable deps ti=<TaskInstance: stockprices_v2_decorator.load__1 scheduled__2024-11-19T17:20:00+00:00 [queued]>
[2024-11-19T18:02:44.351+0000] {taskinstance.py:2306} INFO - Starting attempt 1 of 2
[2024-11-19T18:02:44.595+0000] {taskinstance.py:2330} INFO - Executing <Task(_PythonDecoratedOperator): load__1> on 2024-11-19 17:20:00+00:00
[2024-11-19T18:02:44.803+0000] {warnings.py:110} WARNING - /home/***/.local/lib/python3.12/site-packages/***/task/task_runner/standard_task_runner.py:61: DeprecationWarning: This process (pid=9913) is multi-threaded, use of fork() may lead to deadlocks in the child.
  pid = os.fork()

[2024-11-19T18:02:44.817+0000] {standard_task_runner.py:90} INFO - Running: ['***', 'tasks', 'run', 'stockprices_v2_decorator', 'load__1', 'scheduled__2024-11-19T17:20:00+00:00', '--job-id', '2173', '--raw', '--subdir', 'DAGS_FOLDER/stockprices_v2_decorator(3).py', '--cfg-path', '/tmp/tmp22bq2k8i']
[2024-11-19T18:02:44.827+0000] {standard_task_runner.py:91} INFO - Job 2173: Subtask load__1
[2024-11-19T18:02:44.826+0000] {standard_task_runner.py:63} INFO - Started process 9924 to run task
[2024-11-19T18:02:45.188+0000] {task_command.py:426} INFO - Running <TaskInstance: stockprices_v2_decorator.load__1 scheduled__2024-11-19T17:20:00+00:00 [running]> on host 3627cdc70e56
[2024-11-19T18:02:45.986+0000] {taskinstance.py:2648} INFO - Exporting env vars: AIRFLOW_CTX_DAG_OWNER='***' AIRFLOW_CTX_DAG_ID='stockprices_v2_decorator' AIRFLOW_CTX_TASK_ID='load__1' AIRFLOW_CTX_EXECUTION_DATE='2024-11-19T17:20:00+00:00' AIRFLOW_CTX_TRY_NUMBER='1' AIRFLOW_CTX_DAG_RUN_ID='scheduled__2024-11-19T17:20:00+00:00'
[2024-11-19T18:02:46.009+0000] {taskinstance.py:430} INFO - ::endgroup::
[2024-11-19T18:02:46.017+0000] {logging_mixin.py:188} INFO - No records to load.
[2024-11-19T18:02:46.019+0000] {python.py:237} INFO - Done. Returned value was: None
[2024-11-19T18:02:46.022+0000] {taskinstance.py:441} INFO - ::group::Post task execution logs
[2024-11-19T18:02:46.052+0000] {taskinstance.py:1206} INFO - Marking task as SUCCESS. dag_id=stockprices_v2_decorator, task_id=load__1, run_id=scheduled__2024-11-19T17:20:00+00:00, execution_date=20241119T172000, start_date=20241119T180244, end_date=20241119T180246
[2024-11-19T18:02:46.229+0000] {local_task_job_runner.py:240} INFO - Task exited with return code 0
[2024-11-19T18:02:46.584+0000] {taskinstance.py:3498} INFO - 0 downstream tasks scheduled from follow-on schedule check
[2024-11-19T18:02:46.628+0000] {local_task_job_runner.py:222} INFO - ::endgroup::
