[2024-11-14T04:22:12.323+0000] {local_task_job_runner.py:120} INFO - ::group::Pre task execution logs
[2024-11-14T04:22:12.350+0000] {taskinstance.py:2076} INFO - Dependencies all met for dep_context=non-requeueable deps ti=<TaskInstance: BuildELT_dbt.dbt_run manual__2024-11-14T04:22:09.914233+00:00 [queued]>
[2024-11-14T04:22:12.361+0000] {taskinstance.py:2076} INFO - Dependencies all met for dep_context=requeueable deps ti=<TaskInstance: BuildELT_dbt.dbt_run manual__2024-11-14T04:22:09.914233+00:00 [queued]>
[2024-11-14T04:22:12.362+0000] {taskinstance.py:2306} INFO - Starting attempt 1 of 1
[2024-11-14T04:22:12.377+0000] {taskinstance.py:2330} INFO - Executing <Task(BashOperator): dbt_run> on 2024-11-14 04:22:09.914233+00:00
[2024-11-14T04:22:12.391+0000] {warnings.py:110} WARNING - /home/***/.local/lib/python3.12/site-packages/***/task/task_runner/standard_task_runner.py:61: DeprecationWarning: This process (pid=4335) is multi-threaded, use of fork() may lead to deadlocks in the child.
  pid = os.fork()

[2024-11-14T04:22:12.393+0000] {standard_task_runner.py:63} INFO - Started process 4337 to run task
[2024-11-14T04:22:12.393+0000] {standard_task_runner.py:90} INFO - Running: ['***', 'tasks', 'run', 'BuildELT_dbt', 'dbt_run', 'manual__2024-11-14T04:22:09.914233+00:00', '--job-id', '224', '--raw', '--subdir', 'DAGS_FOLDER/build_elt_with_dbt.py', '--cfg-path', '/tmp/tmpgq7okgc_']
[2024-11-14T04:22:12.397+0000] {standard_task_runner.py:91} INFO - Job 224: Subtask dbt_run
[2024-11-14T04:22:12.446+0000] {task_command.py:426} INFO - Running <TaskInstance: BuildELT_dbt.dbt_run manual__2024-11-14T04:22:09.914233+00:00 [running]> on host 3627cdc70e56
[2024-11-14T04:22:12.520+0000] {taskinstance.py:2648} INFO - Exporting env vars: AIRFLOW_CTX_DAG_OWNER='***' AIRFLOW_CTX_DAG_ID='BuildELT_dbt' AIRFLOW_CTX_TASK_ID='dbt_run' AIRFLOW_CTX_EXECUTION_DATE='2024-11-14T04:22:09.914233+00:00' AIRFLOW_CTX_TRY_NUMBER='1' AIRFLOW_CTX_DAG_RUN_ID='manual__2024-11-14T04:22:09.914233+00:00'
[2024-11-14T04:22:12.524+0000] {taskinstance.py:430} INFO - ::endgroup::
[2024-11-14T04:22:12.528+0000] {subprocess.py:63} INFO - Tmp dir root location: /tmp
[2024-11-14T04:22:12.531+0000] {subprocess.py:75} INFO - Running command: ['/usr/bin/bash', '-c', '/home/***/.local/bin/dbt run --profiles-dir /opt/***/build_dbt --project-dir /opt/***/build_dbt']
[2024-11-14T04:22:12.546+0000] {subprocess.py:86} INFO - Output:
[2024-11-14T04:22:14.636+0000] {subprocess.py:93} INFO - [0m04:22:14  Running with dbt=1.8.7
[2024-11-14T04:22:16.068+0000] {subprocess.py:93} INFO - [0m04:22:16  Registered adapter: snowflake=1.8.4
[2024-11-14T04:22:16.482+0000] {subprocess.py:93} INFO - [0m04:22:16  [[33mWARNING[0m]: Configuration paths exist in your dbt_project.yml file which do not apply to any resources.
[2024-11-14T04:22:16.484+0000] {subprocess.py:93} INFO - There are 1 unused configuration paths:
[2024-11-14T04:22:16.486+0000] {subprocess.py:93} INFO - - models.build_dbt.example
[2024-11-14T04:22:16.814+0000] {subprocess.py:93} INFO - [0m04:22:16  Found 4 models, 1 snapshot, 2 sources, 459 macros
[2024-11-14T04:22:16.826+0000] {subprocess.py:93} INFO - [0m04:22:16
[2024-11-14T04:22:22.102+0000] {subprocess.py:93} INFO - [0m04:22:22  Concurrency: 1 threads (target='dev')
[2024-11-14T04:22:22.113+0000] {subprocess.py:93} INFO - [0m04:22:22
[2024-11-14T04:22:22.128+0000] {subprocess.py:93} INFO - [0m04:22:22  1 of 4 START sql table model analytics.moving_average .......................... [RUN]
[2024-11-14T04:22:24.556+0000] {subprocess.py:93} INFO - [0m04:22:24  1 of 4 OK created sql table model analytics.moving_average ..................... [[32mSUCCESS 1[0m in 2.40s]
[2024-11-14T04:22:24.564+0000] {subprocess.py:93} INFO - [0m04:22:24  2 of 4 START sql view model analytics.raw_stock_data ........................... [RUN]
[2024-11-14T04:22:26.344+0000] {subprocess.py:93} INFO - [0m04:22:26  2 of 4 OK created sql view model analytics.raw_stock_data ...................... [[32mSUCCESS 1[0m in 1.76s]
[2024-11-14T04:22:26.357+0000] {subprocess.py:93} INFO - [0m04:22:26  3 of 4 START sql view model analytics.rsi ...................................... [RUN]
[2024-11-14T04:22:28.151+0000] {subprocess.py:93} INFO - [0m04:22:28  3 of 4 OK created sql view model analytics.rsi ................................. [[32mSUCCESS 1[0m in 1.78s]
[2024-11-14T04:22:28.172+0000] {subprocess.py:93} INFO - [0m04:22:28  4 of 4 START sql table model analytics.stock_analytics ......................... [RUN]
[2024-11-14T04:22:30.598+0000] {subprocess.py:93} INFO - [0m04:22:30  4 of 4 OK created sql table model analytics.stock_analytics .................... [[32mSUCCESS 1[0m in 2.40s]
[2024-11-14T04:22:30.622+0000] {subprocess.py:93} INFO - [0m04:22:30
[2024-11-14T04:22:30.624+0000] {subprocess.py:93} INFO - [0m04:22:30  Finished running 2 table models, 2 view models in 0 hours 0 minutes and 13.79 seconds (13.79s).
[2024-11-14T04:22:30.741+0000] {subprocess.py:93} INFO - [0m04:22:30
[2024-11-14T04:22:30.744+0000] {subprocess.py:93} INFO - [0m04:22:30  [32mCompleted successfully[0m
[2024-11-14T04:22:30.746+0000] {subprocess.py:93} INFO - [0m04:22:30
[2024-11-14T04:22:30.748+0000] {subprocess.py:93} INFO - [0m04:22:30  Done. PASS=4 WARN=0 ERROR=0 SKIP=0 TOTAL=4
[2024-11-14T04:22:32.003+0000] {subprocess.py:97} INFO - Command exited with return code 0
[2024-11-14T04:22:32.009+0000] {taskinstance.py:441} INFO - ::group::Post task execution logs
[2024-11-14T04:22:32.063+0000] {taskinstance.py:1206} INFO - Marking task as SUCCESS. dag_id=BuildELT_dbt, task_id=dbt_run, run_id=manual__2024-11-14T04:22:09.914233+00:00, execution_date=20241114T042209, start_date=20241114T042212, end_date=20241114T042232
[2024-11-14T04:22:32.141+0000] {local_task_job_runner.py:240} INFO - Task exited with return code 0
[2024-11-14T04:22:32.202+0000] {taskinstance.py:3498} INFO - 1 downstream tasks scheduled from follow-on schedule check
[2024-11-14T04:22:32.207+0000] {local_task_job_runner.py:222} INFO - ::endgroup::
